2025-06-18 16:42:39,347 - INFO - Starting application
2025-06-18 16:42:39,347 - INFO - Initializing smerge application
2025-06-18 16:42:39,559 - INFO - Opening file selection dialog
2025-06-18 16:42:45,579 - INFO - Selected 18 files
2025-06-18 16:42:45,579 - DEBUG - Output path set to: D:/Cloud/YandexDisk/Projects/Страшилки/Brazil/168
2025-06-18 16:42:45,809 - INFO - Starting files loading process
2025-06-18 16:42:45,810 - INFO - Checking for duplicate files
2025-06-18 16:42:45,861 - INFO - Loading file 1/18: 1.mp3
2025-06-18 16:42:45,915 - INFO - Loading file 2/18: 2.mp3
2025-06-18 16:42:45,969 - INFO - Loading file 3/18: 3.mp3
2025-06-18 16:42:46,021 - INFO - Loading file 4/18: 4.mp3
2025-06-18 16:42:46,073 - INFO - Loading file 5/18: 5.mp3
2025-06-18 16:42:46,125 - INFO - Loading file 6/18: 7.mp3
2025-06-18 16:42:46,178 - INFO - Loading file 7/18: 8.mp3
2025-06-18 16:42:46,229 - INFO - Loading file 8/18: 10.mp3
2025-06-18 16:42:46,284 - INFO - Loading file 9/18: 11.mp3
2025-06-18 16:42:46,337 - INFO - Loading file 10/18: 12.mp3
2025-06-18 16:42:46,391 - INFO - Loading file 11/18: 13.mp3
2025-06-18 16:42:46,443 - INFO - Loading file 12/18: 14.mp3
2025-06-18 16:42:46,495 - INFO - Loading file 13/18: 15.mp3
2025-06-18 16:42:46,547 - INFO - Loading file 14/18: 16.mp3
2025-06-18 16:42:46,599 - INFO - Loading file 15/18: 17.mp3
2025-06-18 16:42:46,652 - INFO - Loading file 16/18: 18.mp3
2025-06-18 16:42:46,704 - INFO - Loading file 17/18: 19.mp3
2025-06-18 16:42:46,756 - INFO - Loading file 18/18: 20.mp3
2025-06-18 16:42:46,810 - INFO - Files loaded successfully
2025-06-18 16:42:52,919 - INFO - Starting file merge process
2025-06-18 16:42:52,920 - INFO - Output filename: 168-BRZ
2025-06-18 16:42:52,920 - DEBUG - Full output path: D:/Cloud/YandexDisk/Projects/Страшилки/Brazil/168\168-BRZ.mp3
2025-06-18 16:42:52,956 - INFO - Processing file 1/18: 1.mp3
2025-06-18 16:42:52,966 - INFO - Processing file 2/18: 2.mp3
2025-06-18 16:42:52,973 - INFO - Processing file 3/18: 3.mp3
2025-06-18 16:42:52,981 - INFO - Processing file 4/18: 4.mp3
2025-06-18 16:42:52,989 - INFO - Processing file 5/18: 5.mp3
2025-06-18 16:42:53,000 - INFO - Processing file 6/18: 7.mp3
2025-06-18 16:42:53,008 - INFO - Processing file 7/18: 8.mp3
2025-06-18 16:42:53,017 - INFO - Processing file 8/18: 10.mp3
2025-06-18 16:42:53,027 - INFO - Processing file 9/18: 11.mp3
2025-06-18 16:42:53,036 - INFO - Processing file 10/18: 12.mp3
2025-06-18 16:42:53,044 - INFO - Processing file 11/18: 13.mp3
2025-06-18 16:42:53,053 - INFO - Processing file 12/18: 14.mp3
2025-06-18 16:42:53,061 - INFO - Processing file 13/18: 15.mp3
2025-06-18 16:42:53,069 - INFO - Processing file 14/18: 16.mp3
2025-06-18 16:42:53,078 - INFO - Processing file 15/18: 17.mp3
2025-06-18 16:42:53,086 - INFO - Processing file 16/18: 18.mp3
2025-06-18 16:42:53,094 - INFO - Processing file 17/18: 19.mp3
2025-06-18 16:42:53,102 - INFO - Processing file 18/18: 20.mp3
2025-06-18 16:42:53,110 - INFO - Merge completed successfully
2025-06-18 17:08:31,204 - INFO - Starting application
2025-06-18 17:08:31,204 - INFO - Initializing smerge application
2025-06-18 17:08:31,396 - INFO - Opening file selection dialog
2025-06-18 17:08:38,375 - INFO - Selected 11 files
2025-06-18 17:08:38,375 - DEBUG - Output path set to: D:/Cloud/YandexDisk/Projects/Страшилки/SP-Clone/230
2025-06-18 17:08:38,618 - INFO - Starting files loading process
2025-06-18 17:08:38,619 - INFO - Checking for duplicate files
2025-06-18 17:08:38,669 - INFO - Loading file 1/11: 1.mp3
2025-06-18 17:08:38,723 - INFO - Loading file 2/11: 2.mp3
2025-06-18 17:08:38,775 - INFO - Loading file 3/11: 3.mp3
2025-06-18 17:08:38,827 - INFO - Loading file 4/11: 4.mp3
2025-06-18 17:08:38,879 - INFO - Loading file 5/11: 5.mp3
2025-06-18 17:08:38,931 - INFO - Loading file 6/11: 6.mp3
2025-06-18 17:08:38,985 - INFO - Loading file 7/11: 7.mp3
2025-06-18 17:08:39,037 - INFO - Loading file 8/11: 8.mp3
2025-06-18 17:08:39,090 - INFO - Loading file 9/11: 9.mp3
2025-06-18 17:08:39,142 - INFO - Loading file 10/11: 10.mp3
2025-06-18 17:08:39,197 - INFO - Loading file 11/11: 11.mp3
2025-06-18 17:08:39,248 - INFO - Files loaded successfully
2025-06-18 17:08:46,600 - INFO - Starting file merge process
2025-06-18 17:08:46,602 - INFO - Output filename: 230-SPC
2025-06-18 17:08:46,602 - DEBUG - Full output path: D:/Cloud/YandexDisk/Projects/Страшилки/SP-Clone/230\230-SPC.mp3
2025-06-18 17:08:46,640 - INFO - Processing file 1/11: 1.mp3
2025-06-18 17:08:46,651 - INFO - Processing file 2/11: 2.mp3
2025-06-18 17:08:46,659 - INFO - Processing file 3/11: 3.mp3
2025-06-18 17:08:46,668 - INFO - Processing file 4/11: 4.mp3
2025-06-18 17:08:46,676 - INFO - Processing file 5/11: 5.mp3
2025-06-18 17:08:46,687 - INFO - Processing file 6/11: 6.mp3
2025-06-18 17:08:46,694 - INFO - Processing file 7/11: 7.mp3
2025-06-18 17:08:46,702 - INFO - Processing file 8/11: 8.mp3
2025-06-18 17:08:46,711 - INFO - Processing file 9/11: 9.mp3
2025-06-18 17:08:46,718 - INFO - Processing file 10/11: 10.mp3
2025-06-18 17:08:46,727 - INFO - Processing file 11/11: 11.mp3
2025-06-18 17:08:46,730 - INFO - Merge completed successfully
2025-06-18 17:46:19,347 - INFO - Starting application
2025-06-18 17:46:19,347 - INFO - Initializing smerge application
2025-06-18 17:46:19,540 - INFO - Opening file selection dialog
2025-06-18 17:46:25,594 - INFO - Selected 13 files
2025-06-18 17:46:25,594 - DEBUG - Output path set to: D:/Cloud/YandexDisk/Projects/Страшилки/US-Clone/Рус/203
2025-06-18 17:46:25,832 - INFO - Starting files loading process
2025-06-18 17:46:25,832 - INFO - Checking for duplicate files
2025-06-18 17:46:25,893 - INFO - Loading file 1/13: 1.mp3
2025-06-18 17:46:25,947 - INFO - Loading file 2/13: 2.mp3
2025-06-18 17:46:25,999 - INFO - Loading file 3/13: 3.mp3
2025-06-18 17:46:26,051 - INFO - Loading file 4/13: 4.mp3
2025-06-18 17:46:26,105 - INFO - Loading file 5/13: 5.mp3
2025-06-18 17:46:26,157 - INFO - Loading file 6/13: 6.mp3
2025-06-18 17:46:26,210 - INFO - Loading file 7/13: 7.mp3
2025-06-18 17:46:26,262 - INFO - Loading file 8/13: 9.mp3
2025-06-18 17:46:26,313 - INFO - Loading file 9/13: 10.mp3
2025-06-18 17:46:26,368 - INFO - Loading file 10/13: 11.mp3
2025-06-18 17:46:26,422 - INFO - Loading file 11/13: 12.mp3
2025-06-18 17:46:26,474 - INFO - Loading file 12/13: 13.mp3
2025-06-18 17:46:26,527 - INFO - Loading file 13/13: 14.mp3
2025-06-18 17:46:26,579 - INFO - Files loaded successfully
2025-06-18 17:46:35,991 - INFO - Starting file merge process
2025-06-18 17:46:35,994 - INFO - Output filename: 203-USC
2025-06-18 17:46:35,994 - DEBUG - Full output path: D:/Cloud/YandexDisk/Projects/Страшилки/US-Clone/Рус/203\203-USC.mp3
2025-06-18 17:46:36,035 - INFO - Processing file 1/13: 1.mp3
2025-06-18 17:46:36,045 - INFO - Processing file 2/13: 2.mp3
2025-06-18 17:46:36,051 - INFO - Processing file 3/13: 3.mp3
2025-06-18 17:46:36,060 - INFO - Processing file 4/13: 4.mp3
2025-06-18 17:46:36,069 - INFO - Processing file 5/13: 5.mp3
2025-06-18 17:46:36,080 - INFO - Processing file 6/13: 6.mp3
2025-06-18 17:46:36,089 - INFO - Processing file 7/13: 7.mp3
2025-06-18 17:46:36,096 - INFO - Processing file 8/13: 9.mp3
2025-06-18 17:46:36,106 - INFO - Processing file 9/13: 10.mp3
2025-06-18 17:46:36,116 - INFO - Processing file 10/13: 11.mp3
2025-06-18 17:46:36,126 - INFO - Processing file 11/13: 12.mp3
2025-06-18 17:46:36,136 - INFO - Processing file 12/13: 13.mp3
2025-06-18 17:46:36,145 - INFO - Processing file 13/13: 14.mp3
2025-06-18 17:46:36,151 - INFO - Merge completed successfully
2025-06-19 13:26:56,080 - INFO - Starting application
2025-06-19 13:26:56,080 - INFO - Initializing smerge application
2025-06-19 13:26:56,276 - INFO - Opening file selection dialog
2025-06-19 13:27:02,891 - INFO - Selected 14 files
2025-06-19 13:27:02,892 - DEBUG - Output path set to: D:/Cloud/YandexDisk/Projects/Страшилки/Brazil/Макар/105
2025-06-19 13:27:03,132 - INFO - Starting files loading process
2025-06-19 13:27:03,133 - INFO - Checking for duplicate files
2025-06-19 13:27:03,191 - INFO - Loading file 1/14: 1.mp3
2025-06-19 13:27:03,244 - INFO - Loading file 2/14: 2.mp3
2025-06-19 13:27:03,297 - INFO - Loading file 3/14: 3.mp3
2025-06-19 13:27:03,350 - INFO - Loading file 4/14: 4.mp3
2025-06-19 13:27:03,403 - INFO - Loading file 5/14: 5.mp3
2025-06-19 13:27:03,456 - INFO - Loading file 6/14: 6.mp3
2025-06-19 13:27:03,512 - INFO - Loading file 7/14: 7.mp3
2025-06-19 13:27:03,566 - INFO - Loading file 8/14: 8.mp3
2025-06-19 13:27:03,620 - INFO - Loading file 9/14: 9.mp3
2025-06-19 13:27:03,672 - INFO - Loading file 10/14: 10.mp3
2025-06-19 13:27:03,727 - INFO - Loading file 11/14: 11.mp3
2025-06-19 13:27:03,779 - INFO - Loading file 12/14: 12.mp3
2025-06-19 13:27:03,831 - INFO - Loading file 13/14: 13.mp3
2025-06-19 13:27:03,884 - INFO - Loading file 14/14: 14.mp3
2025-06-19 13:27:03,935 - INFO - Files loaded successfully
2025-06-19 13:27:10,067 - INFO - Starting file merge process
2025-06-19 13:27:10,068 - INFO - Output filename: 105-BRZ
2025-06-19 13:27:10,068 - DEBUG - Full output path: D:/Cloud/YandexDisk/Projects/Страшилки/Brazil/Макар/105\105-BRZ.mp3
2025-06-19 13:27:10,101 - INFO - Processing file 1/14: 1.mp3
2025-06-19 13:27:10,113 - INFO - Processing file 2/14: 2.mp3
2025-06-19 13:27:10,117 - INFO - Processing file 3/14: 3.mp3
2025-06-19 13:27:10,123 - INFO - Processing file 4/14: 4.mp3
2025-06-19 13:27:10,131 - INFO - Processing file 5/14: 5.mp3
2025-06-19 13:27:10,139 - INFO - Processing file 6/14: 6.mp3
2025-06-19 13:27:10,146 - INFO - Processing file 7/14: 7.mp3
2025-06-19 13:27:10,154 - INFO - Processing file 8/14: 8.mp3
2025-06-19 13:27:10,162 - INFO - Processing file 9/14: 9.mp3
2025-06-19 13:27:10,170 - INFO - Processing file 10/14: 10.mp3
2025-06-19 13:27:10,179 - INFO - Processing file 11/14: 11.mp3
2025-06-19 13:27:10,187 - INFO - Processing file 12/14: 12.mp3
2025-06-19 13:27:10,195 - INFO - Processing file 13/14: 13.mp3
2025-06-19 13:27:10,205 - INFO - Processing file 14/14: 14.mp3
2025-06-19 13:27:10,211 - INFO - Merge completed successfully
2025-06-19 14:10:08,491 - INFO - Starting application
2025-06-19 14:10:08,491 - INFO - Initializing smerge application
2025-06-19 14:10:08,674 - INFO - Opening file selection dialog
2025-06-19 14:10:14,141 - INFO - Selected 10 files
2025-06-19 14:10:14,141 - DEBUG - Output path set to: D:/Cloud/YandexDisk/Projects/Страшилки/Brazil/Макар/105
2025-06-19 14:10:14,373 - INFO - Starting files loading process
2025-06-19 14:10:14,373 - INFO - Checking for duplicate files
2025-06-19 14:10:14,428 - INFO - Loading file 1/10: 1.mp3
2025-06-19 14:10:14,481 - INFO - Loading file 2/10: 2.mp3
2025-06-19 14:10:14,533 - INFO - Loading file 3/10: 3.mp3
2025-06-19 14:10:14,586 - INFO - Loading file 4/10: 4.mp3
2025-06-19 14:10:14,638 - INFO - Loading file 5/10: 5.mp3
2025-06-19 14:10:14,690 - INFO - Loading file 6/10: 6.mp3
2025-06-19 14:10:14,744 - INFO - Loading file 7/10: 7.mp3
2025-06-19 14:10:14,797 - INFO - Loading file 8/10: 8.mp3
2025-06-19 14:10:14,850 - INFO - Loading file 9/10: 9.mp3
2025-06-19 14:10:14,902 - INFO - Loading file 10/10: 10.mp3
2025-06-19 14:10:14,957 - INFO - Files loaded successfully
2025-06-19 18:34:32,530 - INFO - Starting application
2025-06-19 18:34:32,530 - INFO - Initializing smerge application
2025-06-19 18:34:32,714 - INFO - Opening file selection dialog
2025-06-19 18:34:39,610 - INFO - Selected 21 files
2025-06-19 18:34:39,610 - DEBUG - Output path set to: D:/Cloud/YandexDisk/Projects/Страшилки/English/200
2025-06-19 18:34:39,848 - INFO - Starting files loading process
2025-06-19 18:34:39,848 - INFO - Checking for duplicate files
2025-06-19 18:34:39,909 - INFO - Loading file 1/21: 1.mp3
2025-06-19 18:34:39,963 - INFO - Loading file 2/21: 2.mp3
2025-06-19 18:34:40,015 - INFO - Loading file 3/21: 3.mp3
2025-06-19 18:34:40,069 - INFO - Loading file 4/21: 4.mp3
2025-06-19 18:34:40,124 - INFO - Loading file 5/21: 5.mp3
2025-06-19 18:34:40,175 - INFO - Loading file 6/21: 6.mp3
2025-06-19 18:34:40,231 - INFO - Loading file 7/21: 7.mp3
2025-06-19 18:34:40,284 - INFO - Loading file 8/21: 8.mp3
2025-06-19 18:34:40,337 - INFO - Loading file 9/21: 9.mp3
2025-06-19 18:34:40,390 - INFO - Loading file 10/21: 10.mp3
2025-06-19 18:34:40,446 - INFO - Loading file 11/21: 11.mp3
2025-06-19 18:34:40,507 - INFO - Loading file 12/21: 12.mp3
2025-06-19 18:34:40,560 - INFO - Loading file 13/21: 13.mp3
2025-06-19 18:34:40,612 - INFO - Loading file 14/21: 14.mp3
2025-06-19 18:34:40,664 - INFO - Loading file 15/21: 15.mp3
2025-06-19 18:34:40,716 - INFO - Loading file 16/21: 16.mp3
2025-06-19 18:34:40,769 - INFO - Loading file 17/21: 17.mp3
2025-06-19 18:34:40,821 - INFO - Loading file 18/21: 18.mp3
2025-06-19 18:34:40,873 - INFO - Loading file 19/21: 19.mp3
2025-06-19 18:34:40,925 - INFO - Loading file 20/21: 20.mp3
2025-06-19 18:34:40,978 - INFO - Loading file 21/21: 21.mp3
2025-06-19 18:34:41,030 - INFO - Files loaded successfully
2025-06-19 18:34:46,194 - INFO - Starting file merge process
2025-06-19 18:34:46,195 - INFO - Output filename: 200-USC
2025-06-19 18:34:46,195 - DEBUG - Full output path: D:/Cloud/YandexDisk/Projects/Страшилки/English/200\200-USC.mp3
2025-06-19 18:34:46,234 - INFO - Processing file 1/21: 1.mp3
2025-06-19 18:34:46,241 - INFO - Processing file 2/21: 2.mp3
2025-06-19 18:34:46,247 - INFO - Processing file 3/21: 3.mp3
2025-06-19 18:34:46,257 - INFO - Processing file 4/21: 4.mp3
2025-06-19 18:34:46,267 - INFO - Processing file 5/21: 5.mp3
2025-06-19 18:34:46,276 - INFO - Processing file 6/21: 6.mp3
2025-06-19 18:34:46,279 - INFO - Processing file 7/21: 7.mp3
2025-06-19 18:34:46,287 - INFO - Processing file 8/21: 8.mp3
2025-06-19 18:34:46,293 - INFO - Processing file 9/21: 9.mp3
2025-06-19 18:34:46,297 - INFO - Processing file 10/21: 10.mp3
2025-06-19 18:34:46,304 - INFO - Processing file 11/21: 11.mp3
2025-06-19 18:34:46,307 - INFO - Processing file 12/21: 12.mp3
2025-06-19 18:34:46,311 - INFO - Processing file 13/21: 13.mp3
2025-06-19 18:34:46,318 - INFO - Processing file 14/21: 14.mp3
2025-06-19 18:34:46,323 - INFO - Processing file 15/21: 15.mp3
2025-06-19 18:34:46,329 - INFO - Processing file 16/21: 16.mp3
2025-06-19 18:34:46,337 - INFO - Processing file 17/21: 17.mp3
2025-06-19 18:34:46,344 - INFO - Processing file 18/21: 18.mp3
2025-06-19 18:34:46,351 - INFO - Processing file 19/21: 19.mp3
2025-06-19 18:34:46,357 - INFO - Processing file 20/21: 20.mp3
2025-06-19 18:34:46,366 - INFO - Processing file 21/21: 21.mp3
2025-06-19 18:34:46,371 - INFO - Merge completed successfully
2025-06-23 15:37:43,820 - INFO - Starting application
2025-06-23 15:37:43,821 - INFO - Initializing smerge application
2025-06-23 15:37:44,025 - INFO - Opening file selection dialog
2025-06-23 15:37:49,390 - INFO - Selected 22 files
2025-06-23 15:37:49,390 - DEBUG - Output path set to: D:/Cloud/YandexDisk/Projects/Страшилки/English/202
2025-06-23 15:37:49,633 - INFO - Starting files loading process
2025-06-23 15:37:49,634 - INFO - Checking for duplicate files
2025-06-23 15:37:49,702 - INFO - Loading file 1/22: 1.mp3
2025-06-23 15:37:49,755 - INFO - Loading file 2/22: 2.mp3
2025-06-23 15:37:49,807 - INFO - Loading file 3/22: 3.mp3
2025-06-23 15:37:49,859 - INFO - Loading file 4/22: 4.mp3
2025-06-23 15:37:49,912 - INFO - Loading file 5/22: 5.mp3
2025-06-23 15:37:49,965 - INFO - Loading file 6/22: 6.mp3
2025-06-23 15:37:50,017 - INFO - Loading file 7/22: 7.mp3
2025-06-23 15:37:50,072 - INFO - Loading file 8/22: 8.mp3
2025-06-23 15:37:50,126 - INFO - Loading file 9/22: 9.mp3
2025-06-23 15:37:50,178 - INFO - Loading file 10/22: 10.mp3
2025-06-23 15:37:50,231 - INFO - Loading file 11/22: 11.mp3
2025-06-23 15:37:50,283 - INFO - Loading file 12/22: 12.mp3
2025-06-23 15:37:50,338 - INFO - Loading file 13/22: 13.mp3
2025-06-23 15:37:50,391 - INFO - Loading file 14/22: 14.mp3
2025-06-23 15:37:50,445 - INFO - Loading file 15/22: 15.mp3
2025-06-23 15:37:50,497 - INFO - Loading file 16/22: 16.mp3
2025-06-23 15:37:50,549 - INFO - Loading file 17/22: 17.mp3
2025-06-23 15:37:50,601 - INFO - Loading file 18/22: 18.mp3
2025-06-23 15:37:50,654 - INFO - Loading file 19/22: 19.mp3
2025-06-23 15:37:50,707 - INFO - Loading file 20/22: 20.mp3
2025-06-23 15:37:50,760 - INFO - Loading file 21/22: 21.mp3
2025-06-23 15:37:50,812 - INFO - Loading file 22/22: 22.mp3
2025-06-23 15:37:50,865 - INFO - Files loaded successfully
2025-06-23 15:37:57,668 - INFO - Starting file merge process
2025-06-23 15:37:57,669 - INFO - Output filename: 202-EN
2025-06-23 15:37:57,669 - DEBUG - Full output path: D:/Cloud/YandexDisk/Projects/Страшилки/English/202\202-EN.mp3
2025-06-23 15:37:57,707 - INFO - Processing file 1/22: 1.mp3
2025-06-23 15:37:57,717 - INFO - Processing file 2/22: 2.mp3
2025-06-23 15:37:57,724 - INFO - Processing file 3/22: 3.mp3
2025-06-23 15:37:57,727 - INFO - Processing file 4/22: 4.mp3
2025-06-23 15:37:57,730 - INFO - Processing file 5/22: 5.mp3
2025-06-23 15:37:57,739 - INFO - Processing file 6/22: 6.mp3
2025-06-23 15:37:57,746 - INFO - Processing file 7/22: 7.mp3
2025-06-23 15:37:57,750 - INFO - Processing file 8/22: 8.mp3
2025-06-23 15:37:57,758 - INFO - Processing file 9/22: 9.mp3
2025-06-23 15:37:57,763 - INFO - Processing file 10/22: 10.mp3
2025-06-23 15:37:57,772 - INFO - Processing file 11/22: 11.mp3
2025-06-23 15:37:57,774 - INFO - Processing file 12/22: 12.mp3
2025-06-23 15:37:57,779 - INFO - Processing file 13/22: 13.mp3
2025-06-23 15:37:57,786 - INFO - Processing file 14/22: 14.mp3
2025-06-23 15:37:57,791 - INFO - Processing file 15/22: 15.mp3
2025-06-23 15:37:57,800 - INFO - Processing file 16/22: 16.mp3
2025-06-23 15:37:57,805 - INFO - Processing file 17/22: 17.mp3
2025-06-23 15:37:57,808 - INFO - Processing file 18/22: 18.mp3
2025-06-23 15:37:57,810 - INFO - Processing file 19/22: 19.mp3
2025-06-23 15:37:57,812 - INFO - Processing file 20/22: 20.mp3
2025-06-23 15:37:57,818 - INFO - Processing file 21/22: 21.mp3
2025-06-23 15:37:57,824 - INFO - Processing file 22/22: 22.mp3
2025-06-23 15:37:57,831 - INFO - Merge completed successfully
2025-06-23 16:45:19,216 - INFO - Starting application
2025-06-23 16:45:19,216 - INFO - Initializing smerge application
2025-06-23 16:45:19,489 - INFO - Opening file selection dialog
2025-06-23 16:45:29,378 - INFO - Selected 11 files
2025-06-23 16:45:29,378 - DEBUG - Output path set to: D:/Cloud/YandexDisk/Projects/Страшилки/SP-Military/Макар/14
2025-06-23 16:45:29,706 - INFO - Starting files loading process
2025-06-23 16:45:29,706 - INFO - Checking for duplicate files
2025-06-23 16:45:29,864 - INFO - Loading file 1/11: 1.mp3
2025-06-23 16:45:29,918 - INFO - Loading file 2/11: 2.mp3
2025-06-23 16:45:29,979 - INFO - Loading file 3/11: 3.mp3
2025-06-23 16:45:30,037 - INFO - Loading file 4/11: 4.mp3
2025-06-23 16:45:30,090 - INFO - Loading file 5/11: 5.mp3
2025-06-23 16:45:30,146 - INFO - Loading file 6/11: 6.mp3
2025-06-23 16:45:30,197 - INFO - Loading file 7/11: 7.mp3
2025-06-23 16:45:30,255 - INFO - Loading file 8/11: 8.mp3
2025-06-23 16:45:30,308 - INFO - Loading file 9/11: 9.mp3
2025-06-23 16:45:30,364 - INFO - Loading file 10/11: 10.mp3
2025-06-23 16:45:30,427 - INFO - Loading file 11/11: 11.mp3
2025-06-23 16:45:30,484 - INFO - Files loaded successfully
2025-06-23 16:45:37,119 - INFO - Starting file merge process
2025-06-23 16:45:37,120 - INFO - Output filename: 14-SPM
2025-06-23 16:45:37,120 - DEBUG - Full output path: D:/Cloud/YandexDisk/Projects/Страшилки/SP-Military/Макар/14\14-SPM.mp3
2025-06-23 16:45:37,248 - INFO - Processing file 1/11: 1.mp3
2025-06-23 16:45:37,266 - INFO - Processing file 2/11: 2.mp3
2025-06-23 16:45:37,287 - INFO - Processing file 3/11: 3.mp3
2025-06-23 16:45:37,296 - INFO - Processing file 4/11: 4.mp3
2025-06-23 16:45:37,306 - INFO - Processing file 5/11: 5.mp3
2025-06-23 16:45:37,316 - INFO - Processing file 6/11: 6.mp3
2025-06-23 16:45:37,326 - INFO - Processing file 7/11: 7.mp3
2025-06-23 16:45:37,334 - INFO - Processing file 8/11: 8.mp3
2025-06-23 16:45:37,347 - INFO - Processing file 9/11: 9.mp3
2025-06-23 16:45:37,363 - INFO - Processing file 10/11: 10.mp3
2025-06-23 16:45:37,381 - INFO - Processing file 11/11: 11.mp3
2025-06-23 16:45:37,388 - INFO - Merge completed successfully
2025-06-23 17:31:28,817 - INFO - Starting application
2025-06-23 17:31:28,817 - INFO - Initializing smerge application
2025-06-23 17:31:29,081 - INFO - Opening file selection dialog
2025-06-23 17:31:39,203 - INFO - Selected 14 files
2025-06-23 17:31:39,203 - DEBUG - Output path set to: D:/Cloud/YandexDisk/Projects/Страшилки/Brazil/170
2025-06-23 17:31:39,484 - INFO - Starting files loading process
2025-06-23 17:31:39,485 - INFO - Checking for duplicate files
2025-06-23 17:31:39,718 - INFO - Loading file 1/14: 1.mp3
2025-06-23 17:31:39,772 - INFO - Loading file 2/14: 2.mp3
2025-06-23 17:31:39,825 - INFO - Loading file 3/14: 3.mp3
2025-06-23 17:31:39,882 - INFO - Loading file 4/14: 4.mp3
2025-06-23 17:31:39,941 - INFO - Loading file 5/14: 5.mp3
2025-06-23 17:31:40,005 - INFO - Loading file 6/14: 6.mp3
2025-06-23 17:31:40,072 - INFO - Loading file 7/14: 7.mp3
2025-06-23 17:31:40,133 - INFO - Loading file 8/14: 8.mp3
2025-06-23 17:31:40,196 - INFO - Loading file 9/14: 9.mp3
2025-06-23 17:31:40,261 - INFO - Loading file 10/14: 10.mp3
2025-06-23 17:31:40,320 - INFO - Loading file 11/14: 11.mp3
2025-06-23 17:31:40,376 - INFO - Loading file 12/14: 12.mp3
2025-06-23 17:31:40,439 - INFO - Loading file 13/14: 13.mp3
2025-06-23 17:31:40,499 - INFO - Loading file 14/14: 14.mp3
2025-06-23 17:31:40,561 - INFO - Files loaded successfully
2025-06-23 17:31:47,411 - INFO - Starting file merge process
2025-06-23 17:31:47,413 - INFO - Output filename: 170-BRZ
2025-06-23 17:31:47,413 - DEBUG - Full output path: D:/Cloud/YandexDisk/Projects/Страшилки/Brazil/170\170-BRZ.mp3
2025-06-23 17:31:47,789 - INFO - Processing file 1/14: 1.mp3
2025-06-23 17:31:47,801 - INFO - Processing file 2/14: 2.mp3
2025-06-23 17:31:47,810 - INFO - Processing file 3/14: 3.mp3
2025-06-23 17:31:47,826 - INFO - Processing file 4/14: 4.mp3
2025-06-23 17:31:47,834 - INFO - Processing file 5/14: 5.mp3
2025-06-23 17:31:47,844 - INFO - Processing file 6/14: 6.mp3
2025-06-23 17:31:47,858 - INFO - Processing file 7/14: 7.mp3
2025-06-23 17:31:47,867 - INFO - Processing file 8/14: 8.mp3
2025-06-23 17:31:47,876 - INFO - Processing file 9/14: 9.mp3
2025-06-23 17:31:47,887 - INFO - Processing file 10/14: 10.mp3
2025-06-23 17:31:47,899 - INFO - Processing file 11/14: 11.mp3
2025-06-23 17:31:47,917 - INFO - Processing file 12/14: 12.mp3
2025-06-23 17:31:47,926 - INFO - Processing file 13/14: 13.mp3
2025-06-23 17:31:47,935 - INFO - Processing file 14/14: 14.mp3
2025-06-23 17:31:47,945 - INFO - Merge completed successfully
2025-06-23 18:04:30,994 - INFO - Starting application
2025-06-23 18:04:30,994 - INFO - Initializing smerge application
2025-06-23 18:04:31,344 - INFO - Opening file selection dialog
2025-06-23 18:04:41,296 - INFO - Selected 10 files
2025-06-23 18:04:41,296 - DEBUG - Output path set to: D:/Cloud/YandexDisk/Projects/Страшилки/SP-Clone/234
2025-06-23 18:04:41,622 - INFO - Starting files loading process
2025-06-23 18:04:41,622 - INFO - Checking for duplicate files
2025-06-23 18:04:41,971 - INFO - Loading file 1/10: 1.mp3
2025-06-23 18:04:42,028 - INFO - Loading file 2/10: 2.mp3
2025-06-23 18:04:42,089 - INFO - Loading file 3/10: 3.mp3
2025-06-23 18:04:42,148 - INFO - Loading file 4/10: 4.mp3
2025-06-23 18:04:42,210 - INFO - Loading file 5/10: 5.mp3
2025-06-23 18:04:42,271 - INFO - Loading file 6/10: 6.mp3
2025-06-23 18:04:42,334 - INFO - Loading file 7/10: 7.mp3
2025-06-23 18:04:42,398 - INFO - Loading file 8/10: 8.mp3
2025-06-23 18:04:42,460 - INFO - Loading file 9/10: 9.mp3
2025-06-23 18:04:42,528 - INFO - Loading file 10/10: 10.mp3
2025-06-23 18:04:42,591 - INFO - Files loaded successfully
2025-06-23 18:04:48,558 - INFO - Starting file merge process
2025-06-23 18:04:48,560 - INFO - Output filename: 234-SPC
2025-06-23 18:04:48,560 - DEBUG - Full output path: D:/Cloud/YandexDisk/Projects/Страшилки/SP-Clone/234\234-SPC.mp3
2025-06-23 18:04:48,819 - INFO - Processing file 1/10: 1.mp3
2025-06-23 18:04:48,830 - INFO - Processing file 2/10: 2.mp3
2025-06-23 18:04:48,847 - INFO - Processing file 3/10: 3.mp3
2025-06-23 18:04:48,856 - INFO - Processing file 4/10: 4.mp3
2025-06-23 18:04:48,876 - INFO - Processing file 5/10: 5.mp3
2025-06-23 18:04:48,886 - INFO - Processing file 6/10: 6.mp3
2025-06-23 18:04:48,897 - INFO - Processing file 7/10: 7.mp3
2025-06-23 18:04:48,911 - INFO - Processing file 8/10: 8.mp3
2025-06-23 18:04:48,920 - INFO - Processing file 9/10: 9.mp3
2025-06-23 18:04:48,943 - INFO - Processing file 10/10: 10.mp3
2025-06-23 18:04:48,949 - INFO - Merge completed successfully
2025-06-23 18:44:06,896 - INFO - Starting application
2025-06-23 18:44:06,896 - INFO - Initializing smerge application
2025-06-23 18:44:07,305 - INFO - Opening file selection dialog
2025-06-23 18:44:29,126 - INFO - Selected 14 files
2025-06-23 18:44:29,126 - DEBUG - Output path set to: D:/Cloud/YandexDisk/Projects/Страшилки/US-Clone/Рус/208
2025-06-23 18:44:29,499 - INFO - Starting files loading process
2025-06-23 18:44:29,499 - INFO - Checking for duplicate files
2025-06-23 18:44:29,858 - INFO - Loading file 1/14: 1.mp3
2025-06-23 18:44:29,929 - INFO - Loading file 2/14: 2.mp3
2025-06-23 18:44:29,986 - INFO - Loading file 3/14: 3.mp3
2025-06-23 18:44:30,050 - INFO - Loading file 4/14: 4.mp3
2025-06-23 18:44:30,110 - INFO - Loading file 5/14: 5.mp3
2025-06-23 18:44:30,178 - INFO - Loading file 6/14: 6.mp3
2025-06-23 18:44:30,235 - INFO - Loading file 7/14: 7.mp3
2025-06-23 18:44:30,299 - INFO - Loading file 8/14: 8.mp3
2025-06-23 18:44:30,361 - INFO - Loading file 9/14: 9.mp3
2025-06-23 18:44:30,421 - INFO - Loading file 10/14: 10.mp3
2025-06-23 18:44:30,485 - INFO - Loading file 11/14: 11.mp3
2025-06-23 18:44:30,549 - INFO - Loading file 12/14: 12.mp3
2025-06-23 18:44:30,608 - INFO - Loading file 13/14: 13.mp3
2025-06-23 18:44:30,669 - INFO - Loading file 14/14: 14.mp3
2025-06-23 18:44:30,734 - INFO - Files loaded successfully
2025-06-23 18:44:35,504 - INFO - Starting file merge process
2025-06-23 18:44:35,505 - INFO - Output filename: 208-USC
2025-06-23 18:44:35,505 - DEBUG - Full output path: D:/Cloud/YandexDisk/Projects/Страшилки/US-Clone/Рус/208\208-USC.mp3
2025-06-23 18:44:35,839 - INFO - Processing file 1/14: 1.mp3
2025-06-23 18:44:35,866 - INFO - Processing file 2/14: 2.mp3
2025-06-23 18:44:35,873 - INFO - Processing file 3/14: 3.mp3
2025-06-23 18:44:35,904 - INFO - Processing file 4/14: 4.mp3
2025-06-23 18:44:35,925 - INFO - Processing file 5/14: 5.mp3
2025-06-23 18:44:35,934 - INFO - Processing file 6/14: 6.mp3
2025-06-23 18:44:35,956 - INFO - Processing file 7/14: 7.mp3
2025-06-23 18:44:35,965 - INFO - Processing file 8/14: 8.mp3
2025-06-23 18:44:35,987 - INFO - Processing file 9/14: 9.mp3
2025-06-23 18:44:35,996 - INFO - Processing file 10/14: 10.mp3
2025-06-23 18:44:36,022 - INFO - Processing file 11/14: 11.mp3
2025-06-23 18:44:36,030 - INFO - Processing file 12/14: 12.mp3
2025-06-23 18:44:36,071 - INFO - Processing file 13/14: 13.mp3
2025-06-23 18:44:36,079 - INFO - Processing file 14/14: 14.mp3
2025-06-23 18:44:36,099 - INFO - Merge completed successfully
2025-06-24 15:20:34,176 - INFO - Starting application
2025-06-24 15:20:34,176 - INFO - Initializing smerge application
2025-06-24 15:20:34,397 - INFO - Opening file selection dialog
2025-06-24 15:20:41,375 - INFO - Selected 20 files
2025-06-24 15:20:41,375 - DEBUG - Output path set to: D:/Cloud/YandexDisk/Projects/Страшилки/English/203
2025-06-24 15:20:41,608 - INFO - Starting files loading process
2025-06-24 15:20:41,608 - INFO - Checking for duplicate files
2025-06-24 15:20:41,663 - INFO - Loading file 1/20: 1.mp3
2025-06-24 15:20:41,716 - INFO - Loading file 2/20: 2.mp3
2025-06-24 15:20:41,769 - INFO - Loading file 3/20: 3.mp3
2025-06-24 15:20:41,822 - INFO - Loading file 4/20: 4.mp3
2025-06-24 15:20:41,874 - INFO - Loading file 5/20: 5.mp3
2025-06-24 15:20:41,927 - INFO - Loading file 6/20: 6.mp3
2025-06-24 15:20:41,980 - INFO - Loading file 7/20: 7.mp3
2025-06-24 15:20:42,035 - INFO - Loading file 8/20: 8.mp3
2025-06-24 15:20:42,089 - INFO - Loading file 9/20: 9.mp3
2025-06-24 15:20:42,143 - INFO - Loading file 10/20: 10.mp3
2025-06-24 15:20:42,198 - INFO - Loading file 11/20: 11.mp3
2025-06-24 15:20:42,251 - INFO - Loading file 12/20: 12.mp3
2025-06-24 15:20:42,304 - INFO - Loading file 13/20: 13.mp3
2025-06-24 15:20:42,356 - INFO - Loading file 14/20: 14.mp3
2025-06-24 15:20:42,409 - INFO - Loading file 15/20: 15.mp3
2025-06-24 15:20:42,461 - INFO - Loading file 16/20: 16.mp3
2025-06-24 15:20:42,514 - INFO - Loading file 17/20: 17.mp3
2025-06-24 15:20:42,566 - INFO - Loading file 18/20: 18.mp3
2025-06-24 15:20:42,618 - INFO - Loading file 19/20: 19.mp3
2025-06-24 15:20:42,671 - INFO - Loading file 20/20: 20.mp3
2025-06-24 15:20:42,723 - INFO - Files loaded successfully
2025-06-24 15:21:00,486 - INFO - Starting file merge process
2025-06-24 15:21:00,487 - INFO - Output filename: 203-EN
2025-06-24 15:21:00,487 - DEBUG - Full output path: D:/Cloud/YandexDisk/Projects/Страшилки/English/203\203-EN.mp3
2025-06-24 15:21:00,522 - INFO - Processing file 1/20: 1.mp3
2025-06-24 15:21:00,531 - INFO - Processing file 2/20: 2.mp3
2025-06-24 15:21:00,538 - INFO - Processing file 3/20: 3.mp3
2025-06-24 15:21:00,546 - INFO - Processing file 4/20: 4.mp3
2025-06-24 15:21:00,550 - INFO - Processing file 5/20: 5.mp3
2025-06-24 15:21:00,557 - INFO - Processing file 6/20: 6.mp3
2025-06-24 15:21:00,561 - INFO - Processing file 7/20: 7.mp3
2025-06-24 15:21:00,563 - INFO - Processing file 8/20: 8.mp3
2025-06-24 15:21:00,571 - INFO - Processing file 9/20: 9.mp3
2025-06-24 15:21:00,576 - INFO - Processing file 10/20: 10.mp3
2025-06-24 15:21:00,584 - INFO - Processing file 11/20: 11.mp3
2025-06-24 15:21:00,590 - INFO - Processing file 12/20: 12.mp3
2025-06-24 15:21:00,597 - INFO - Processing file 13/20: 13.mp3
2025-06-24 15:21:00,603 - INFO - Processing file 14/20: 14.mp3
2025-06-24 15:21:00,605 - INFO - Processing file 15/20: 15.mp3
2025-06-24 15:21:00,610 - INFO - Processing file 16/20: 16.mp3
2025-06-24 15:21:00,612 - INFO - Processing file 17/20: 17.mp3
2025-06-24 15:21:00,614 - INFO - Processing file 18/20: 18.mp3
2025-06-24 15:21:00,621 - INFO - Processing file 19/20: 19.mp3
2025-06-24 15:21:00,627 - INFO - Processing file 20/20: 20.mp3
2025-06-24 15:21:00,636 - INFO - Merge completed successfully
2025-06-24 16:04:20,565 - INFO - Starting application
2025-06-24 16:04:20,566 - INFO - Initializing smerge application
2025-06-24 16:04:20,743 - INFO - Opening file selection dialog
2025-06-24 16:04:26,078 - INFO - Selected 15 files
2025-06-24 16:04:26,078 - DEBUG - Output path set to: D:/Cloud/YandexDisk/Projects/Страшилки/Brazil/171
2025-06-24 16:04:26,308 - INFO - Starting files loading process
2025-06-24 16:04:26,308 - INFO - Checking for duplicate files
2025-06-24 16:04:26,356 - INFO - Loading file 1/15: 1.mp3
2025-06-24 16:04:26,408 - INFO - Loading file 2/15: 2.mp3
2025-06-24 16:04:26,461 - INFO - Loading file 3/15: 3.mp3
2025-06-24 16:04:26,513 - INFO - Loading file 4/15: 4.mp3
2025-06-24 16:04:26,565 - INFO - Loading file 5/15: 5.mp3
2025-06-24 16:04:26,618 - INFO - Loading file 6/15: 6.mp3
2025-06-24 16:04:26,669 - INFO - Loading file 7/15: 7.mp3
2025-06-24 16:04:26,721 - INFO - Loading file 8/15: 8.mp3
2025-06-24 16:04:26,775 - INFO - Loading file 9/15: 9.mp3
2025-06-24 16:04:26,827 - INFO - Loading file 10/15: 10.mp3
2025-06-24 16:04:26,883 - INFO - Loading file 11/15: 11.mp3
2025-06-24 16:04:26,935 - INFO - Loading file 12/15: 12.mp3
2025-06-24 16:04:26,987 - INFO - Loading file 13/15: 13.mp3
2025-06-24 16:04:27,040 - INFO - Loading file 14/15: 14.mp3
2025-06-24 16:04:27,092 - INFO - Loading file 15/15: 15.mp3
2025-06-24 16:04:27,144 - INFO - Files loaded successfully
2025-06-24 16:04:31,144 - INFO - Starting file merge process
2025-06-24 16:04:31,145 - INFO - Output filename: 171-BRZ
2025-06-24 16:04:31,145 - DEBUG - Full output path: D:/Cloud/YandexDisk/Projects/Страшилки/Brazil/171\171-BRZ.mp3
2025-06-24 16:04:31,178 - INFO - Processing file 1/15: 1.mp3
2025-06-24 16:04:31,187 - INFO - Processing file 2/15: 2.mp3
2025-06-24 16:04:31,196 - INFO - Processing file 3/15: 3.mp3
2025-06-24 16:04:31,204 - INFO - Processing file 4/15: 4.mp3
2025-06-24 16:04:31,212 - INFO - Processing file 5/15: 5.mp3
2025-06-24 16:04:31,220 - INFO - Processing file 6/15: 6.mp3
2025-06-24 16:04:31,229 - INFO - Processing file 7/15: 7.mp3
2025-06-24 16:04:31,236 - INFO - Processing file 8/15: 8.mp3
2025-06-24 16:04:31,246 - INFO - Processing file 9/15: 9.mp3
2025-06-24 16:04:31,255 - INFO - Processing file 10/15: 10.mp3
2025-06-24 16:04:31,266 - INFO - Processing file 11/15: 11.mp3
2025-06-24 16:04:31,276 - INFO - Processing file 12/15: 12.mp3
2025-06-24 16:04:31,283 - INFO - Processing file 13/15: 13.mp3
2025-06-24 16:04:31,292 - INFO - Processing file 14/15: 14.mp3
2025-06-24 16:04:31,300 - INFO - Processing file 15/15: 15.mp3
2025-06-24 16:04:31,304 - INFO - Merge completed successfully
2025-06-24 17:05:05,027 - INFO - Starting application
2025-06-24 17:05:05,028 - INFO - Initializing smerge application
2025-06-24 17:05:05,232 - INFO - Opening file selection dialog
2025-06-24 17:05:11,455 - INFO - Selected 15 files
2025-06-24 17:05:11,455 - DEBUG - Output path set to: D:/Cloud/YandexDisk/Projects/Страшилки/SP-Clone/235
2025-06-24 17:05:11,699 - INFO - Starting files loading process
2025-06-24 17:05:11,699 - INFO - Checking for duplicate files
2025-06-24 17:05:11,748 - INFO - Loading file 1/15: 1.mp3
2025-06-24 17:05:11,802 - INFO - Loading file 2/15: 2.mp3
2025-06-24 17:05:11,855 - INFO - Loading file 3/15: 3.mp3
2025-06-24 17:05:11,907 - INFO - Loading file 4/15: 4.mp3
2025-06-24 17:05:11,959 - INFO - Loading file 5/15: 5.mp3
2025-06-24 17:05:12,011 - INFO - Loading file 6/15: 6.mp3
2025-06-24 17:05:12,063 - INFO - Loading file 7/15: 7.mp3
2025-06-24 17:05:12,115 - INFO - Loading file 8/15: 8.mp3
2025-06-24 17:05:12,168 - INFO - Loading file 9/15: 9.mp3
2025-06-24 17:05:12,220 - INFO - Loading file 10/15: 10.mp3
2025-06-24 17:05:12,274 - INFO - Loading file 11/15: 11.mp3
2025-06-24 17:05:12,328 - INFO - Loading file 12/15: 12.mp3
2025-06-24 17:05:12,381 - INFO - Loading file 13/15: 13.mp3
2025-06-24 17:05:12,433 - INFO - Loading file 14/15: 14.mp3
2025-06-24 17:05:12,485 - INFO - Loading file 15/15: 15.mp3
2025-06-24 17:05:12,538 - INFO - Files loaded successfully
2025-06-24 17:05:21,346 - INFO - Starting file merge process
2025-06-24 17:05:21,347 - INFO - Output filename: 235-SPC
2025-06-24 17:05:21,347 - DEBUG - Full output path: D:/Cloud/YandexDisk/Projects/Страшилки/SP-Clone/235\235-SPC.mp3
2025-06-24 17:05:21,385 - INFO - Processing file 1/15: 1.mp3
2025-06-24 17:05:21,392 - INFO - Processing file 2/15: 2.mp3
2025-06-24 17:05:21,401 - INFO - Processing file 3/15: 3.mp3
2025-06-24 17:05:21,409 - INFO - Processing file 4/15: 4.mp3
2025-06-24 17:05:21,417 - INFO - Processing file 5/15: 5.mp3
2025-06-24 17:05:21,425 - INFO - Processing file 6/15: 6.mp3
2025-06-24 17:05:21,433 - INFO - Processing file 7/15: 7.mp3
2025-06-24 17:05:21,442 - INFO - Processing file 8/15: 8.mp3
2025-06-24 17:05:21,450 - INFO - Processing file 9/15: 9.mp3
2025-06-24 17:05:21,458 - INFO - Processing file 10/15: 10.mp3
2025-06-24 17:05:21,468 - INFO - Processing file 11/15: 11.mp3
2025-06-24 17:05:21,475 - INFO - Processing file 12/15: 12.mp3
2025-06-24 17:05:21,483 - INFO - Processing file 13/15: 13.mp3
2025-06-24 17:05:21,498 - INFO - Processing file 14/15: 14.mp3
2025-06-24 17:05:21,507 - INFO - Processing file 15/15: 15.mp3
2025-06-24 17:05:21,512 - INFO - Merge completed successfully
2025-06-24 17:58:17,534 - INFO - Starting application
2025-06-24 17:58:17,534 - INFO - Initializing smerge application
2025-06-24 17:58:17,722 - INFO - Opening file selection dialog
2025-06-24 17:58:23,330 - INFO - Selected 15 files
2025-06-24 17:58:23,330 - DEBUG - Output path set to: D:/Cloud/YandexDisk/Projects/Страшилки/US-Clone/Рус/209
2025-06-24 17:58:23,562 - INFO - Starting files loading process
2025-06-24 17:58:23,563 - INFO - Checking for duplicate files
2025-06-24 17:58:23,629 - INFO - Loading file 1/15: 1.mp3
2025-06-24 17:58:23,682 - INFO - Loading file 2/15: 2.mp3
2025-06-24 17:58:23,734 - INFO - Loading file 3/15: 3.mp3
2025-06-24 17:58:23,786 - INFO - Loading file 4/15: 4.mp3
2025-06-24 17:58:23,839 - INFO - Loading file 5/15: 5.mp3
2025-06-24 17:58:23,891 - INFO - Loading file 6/15: 6.mp3
2025-06-24 17:58:23,943 - INFO - Loading file 7/15: 7.mp3
2025-06-24 17:58:23,995 - INFO - Loading file 8/15: 8.mp3
2025-06-24 17:58:24,047 - INFO - Loading file 9/15: 9.mp3
2025-06-24 17:58:24,099 - INFO - Loading file 10/15: 10.mp3
2025-06-24 17:58:24,152 - INFO - Loading file 11/15: 11.mp3
2025-06-24 17:58:24,205 - INFO - Loading file 12/15: 12.mp3
2025-06-24 17:58:24,258 - INFO - Loading file 13/15: 14.mp3
2025-06-24 17:58:24,310 - INFO - Loading file 14/15: 15.mp3
2025-06-24 17:58:24,361 - INFO - Loading file 15/15: 16.mp3
2025-06-24 17:58:24,414 - INFO - Files loaded successfully
2025-06-24 17:58:32,318 - INFO - Starting file merge process
2025-06-24 17:58:32,318 - INFO - Output filename: 209-SPC
2025-06-24 17:58:32,318 - DEBUG - Full output path: D:/Cloud/YandexDisk/Projects/Страшилки/US-Clone/Рус/209\209-SPC.mp3
2025-06-24 17:58:32,364 - INFO - Processing file 1/15: 1.mp3
2025-06-24 17:58:32,375 - INFO - Processing file 2/15: 2.mp3
2025-06-24 17:58:32,379 - INFO - Processing file 3/15: 3.mp3
2025-06-24 17:58:32,390 - INFO - Processing file 4/15: 4.mp3
2025-06-24 17:58:32,401 - INFO - Processing file 5/15: 5.mp3
2025-06-24 17:58:32,410 - INFO - Processing file 6/15: 6.mp3
2025-06-24 17:58:32,421 - INFO - Processing file 7/15: 7.mp3
2025-06-24 17:58:32,430 - INFO - Processing file 8/15: 8.mp3
2025-06-24 17:58:32,437 - INFO - Processing file 9/15: 9.mp3
2025-06-24 17:58:32,442 - INFO - Processing file 10/15: 10.mp3
2025-06-24 17:58:32,453 - INFO - Processing file 11/15: 11.mp3
2025-06-24 17:58:32,463 - INFO - Processing file 12/15: 12.mp3
2025-06-24 17:58:32,474 - INFO - Processing file 13/15: 14.mp3
2025-06-24 17:58:32,484 - INFO - Processing file 14/15: 15.mp3
2025-06-24 17:58:32,493 - INFO - Processing file 15/15: 16.mp3
2025-06-24 17:58:32,500 - INFO - Merge completed successfully
2025-06-24 18:38:12,679 - INFO - Starting application
2025-06-24 18:38:12,679 - INFO - Initializing smerge application
2025-06-24 18:38:12,871 - INFO - Opening file selection dialog
2025-06-24 18:38:24,814 - INFO - Selected 14 files
2025-06-24 18:38:24,814 - DEBUG - Output path set to: D:/Cloud/YandexDisk/Projects/Страшилки/US-Clone/123
2025-06-24 18:38:25,042 - INFO - Starting files loading process
2025-06-24 18:38:25,043 - INFO - Checking for duplicate files
2025-06-24 18:38:25,098 - INFO - Loading file 1/14: 1.mp3
2025-06-24 18:38:25,152 - INFO - Loading file 2/14: 2.mp3
2025-06-24 18:38:25,204 - INFO - Loading file 3/14: 3.mp3
2025-06-24 18:38:25,259 - INFO - Loading file 4/14: 4.mp3
2025-06-24 18:38:25,315 - INFO - Loading file 5/14: 5.mp3
2025-06-24 18:38:25,369 - INFO - Loading file 6/14: 6.mp3
2025-06-24 18:38:25,425 - INFO - Loading file 7/14: 7.mp3
2025-06-24 18:38:25,480 - INFO - Loading file 8/14: 8.mp3
2025-06-24 18:38:25,532 - INFO - Loading file 9/14: 9.mp3
2025-06-24 18:38:25,585 - INFO - Loading file 10/14: 10.mp3
2025-06-24 18:38:25,639 - INFO - Loading file 11/14: 11.mp3
2025-06-24 18:38:25,691 - INFO - Loading file 12/14: 12.mp3
2025-06-24 18:38:25,744 - INFO - Loading file 13/14: 13.mp3
2025-06-24 18:38:25,797 - INFO - Loading file 14/14: 14.mp3
2025-06-24 18:38:25,848 - INFO - Files loaded successfully
2025-06-24 18:38:33,494 - INFO - Starting file merge process
2025-06-24 18:38:33,495 - INFO - Output filename: 123-USC
2025-06-24 18:38:33,496 - DEBUG - Full output path: D:/Cloud/YandexDisk/Projects/Страшилки/US-Clone/123\123-USC.mp3
2025-06-24 18:38:33,539 - INFO - Processing file 1/14: 1.mp3
2025-06-24 18:38:33,553 - INFO - Processing file 2/14: 2.mp3
2025-06-24 18:38:33,562 - INFO - Processing file 3/14: 3.mp3
2025-06-24 18:38:33,572 - INFO - Processing file 4/14: 4.mp3
2025-06-24 18:38:33,584 - INFO - Processing file 5/14: 5.mp3
2025-06-24 18:38:33,593 - INFO - Processing file 6/14: 6.mp3
2025-06-24 18:38:33,604 - INFO - Processing file 7/14: 7.mp3
2025-06-24 18:38:33,612 - INFO - Processing file 8/14: 8.mp3
2025-06-24 18:38:33,622 - INFO - Processing file 9/14: 9.mp3
2025-06-24 18:38:33,632 - INFO - Processing file 10/14: 10.mp3
2025-06-24 18:38:33,643 - INFO - Processing file 11/14: 11.mp3
2025-06-24 18:38:33,657 - INFO - Processing file 12/14: 12.mp3
2025-06-24 18:38:33,673 - INFO - Processing file 13/14: 13.mp3
2025-06-24 18:38:33,691 - INFO - Processing file 14/14: 14.mp3
2025-06-24 18:38:33,694 - INFO - Merge completed successfully
2025-06-25 13:10:17,303 - INFO - Starting application
2025-06-25 13:10:17,303 - INFO - Initializing smerge application
2025-06-25 13:10:17,502 - INFO - Opening file selection dialog
2025-06-25 13:10:25,687 - INFO - Selected 12 files
2025-06-25 13:10:25,687 - DEBUG - Output path set to: D:/Cloud/YandexDisk/Projects/Страшилки/Brazil/Макар/107
2025-06-25 13:10:25,930 - INFO - Starting files loading process
2025-06-25 13:10:25,931 - INFO - Checking for duplicate files
2025-06-25 13:10:25,981 - INFO - Loading file 1/12: 1.mp3
2025-06-25 13:10:26,034 - INFO - Loading file 2/12: 2.mp3
2025-06-25 13:10:26,087 - INFO - Loading file 3/12: 3.mp3
2025-06-25 13:10:26,138 - INFO - Loading file 4/12: 4.mp3
2025-06-25 13:10:26,190 - INFO - Loading file 5/12: 5.mp3
2025-06-25 13:10:26,242 - INFO - Loading file 6/12: 6.mp3
2025-06-25 13:10:26,294 - INFO - Loading file 7/12: 7.mp3
2025-06-25 13:10:26,346 - INFO - Loading file 8/12: 9.mp3
2025-06-25 13:10:26,398 - INFO - Loading file 9/12: 10.mp3
2025-06-25 13:10:26,453 - INFO - Loading file 10/12: 11.mp3
2025-06-25 13:10:26,506 - INFO - Loading file 11/12: 12.mp3
2025-06-25 13:10:26,559 - INFO - Loading file 12/12: 13.mp3
2025-06-25 13:10:26,611 - INFO - Files loaded successfully
2025-06-25 13:10:45,737 - INFO - Starting file merge process
2025-06-25 13:10:45,738 - INFO - Output filename: 107-BRZ
2025-06-25 13:10:45,738 - DEBUG - Full output path: D:/Cloud/YandexDisk/Projects/Страшилки/Brazil/Макар/107\107-BRZ.mp3
2025-06-25 13:10:45,780 - INFO - Processing file 1/12: 1.mp3
2025-06-25 13:10:45,790 - INFO - Processing file 2/12: 2.mp3
2025-06-25 13:10:45,796 - INFO - Processing file 3/12: 3.mp3
2025-06-25 13:10:45,804 - INFO - Processing file 4/12: 4.mp3
2025-06-25 13:10:45,812 - INFO - Processing file 5/12: 5.mp3
2025-06-25 13:10:45,821 - INFO - Processing file 6/12: 6.mp3
2025-06-25 13:10:45,829 - INFO - Processing file 7/12: 7.mp3
2025-06-25 13:10:45,837 - INFO - Processing file 8/12: 9.mp3
2025-06-25 13:10:45,846 - INFO - Processing file 9/12: 10.mp3
2025-06-25 13:10:45,856 - INFO - Processing file 10/12: 11.mp3
2025-06-25 13:10:45,865 - INFO - Processing file 11/12: 12.mp3
2025-06-25 13:10:45,873 - INFO - Processing file 12/12: 13.mp3
2025-06-25 13:10:45,878 - INFO - Merge completed successfully
2025-06-25 14:03:18,497 - INFO - Starting application
2025-06-25 14:03:18,497 - INFO - Initializing smerge application
2025-06-25 14:03:18,674 - INFO - Opening file selection dialog
2025-06-25 14:03:24,859 - INFO - Selected 11 files
2025-06-25 14:03:24,859 - DEBUG - Output path set to: D:/Cloud/YandexDisk/Projects/Страшилки/SP-Clone/236
2025-06-25 14:03:25,088 - INFO - Starting files loading process
2025-06-25 14:03:25,088 - INFO - Checking for duplicate files
2025-06-25 14:03:25,140 - INFO - Loading file 1/11: 1.mp3
2025-06-25 14:03:25,194 - INFO - Loading file 2/11: 2.mp3
2025-06-25 14:03:25,247 - INFO - Loading file 3/11: 3.mp3
2025-06-25 14:03:25,300 - INFO - Loading file 4/11: 4.mp3
2025-06-25 14:03:25,351 - INFO - Loading file 5/11: 5.mp3
2025-06-25 14:03:25,403 - INFO - Loading file 6/11: 6.mp3
2025-06-25 14:03:25,455 - INFO - Loading file 7/11: 7.mp3
2025-06-25 14:03:25,508 - INFO - Loading file 8/11: 8.mp3
2025-06-25 14:03:25,563 - INFO - Loading file 9/11: 9.mp3
2025-06-25 14:03:25,618 - INFO - Loading file 10/11: 10.mp3
2025-06-25 14:03:25,675 - INFO - Loading file 11/11: 11.mp3
2025-06-25 14:03:25,729 - INFO - Files loaded successfully
2025-06-25 14:03:42,184 - INFO - Starting file merge process
2025-06-25 14:03:42,185 - INFO - Output filename: 236-SPC
2025-06-25 14:03:42,185 - DEBUG - Full output path: D:/Cloud/YandexDisk/Projects/Страшилки/SP-Clone/236\236-SPC.mp3
2025-06-25 14:03:42,224 - INFO - Processing file 1/11: 1.mp3
2025-06-25 14:03:42,231 - INFO - Processing file 2/11: 2.mp3
2025-06-25 14:03:42,239 - INFO - Processing file 3/11: 3.mp3
2025-06-25 14:03:42,248 - INFO - Processing file 4/11: 4.mp3
2025-06-25 14:03:42,256 - INFO - Processing file 5/11: 5.mp3
2025-06-25 14:03:42,266 - INFO - Processing file 6/11: 6.mp3
2025-06-25 14:03:42,274 - INFO - Processing file 7/11: 7.mp3
2025-06-25 14:03:42,282 - INFO - Processing file 8/11: 8.mp3
2025-06-25 14:03:42,293 - INFO - Processing file 9/11: 9.mp3
2025-06-25 14:03:42,301 - INFO - Processing file 10/11: 10.mp3
2025-06-25 14:03:42,310 - INFO - Processing file 11/11: 11.mp3
2025-06-25 14:03:42,313 - INFO - Merge completed successfully
2025-06-25 15:40:13,137 - INFO - Starting application
2025-06-25 15:40:13,137 - INFO - Initializing smerge application
2025-06-25 15:40:13,326 - INFO - Opening file selection dialog
2025-06-25 15:40:20,328 - INFO - Selected 15 files
2025-06-25 15:40:20,328 - DEBUG - Output path set to: D:/Cloud/YandexDisk/Projects/Страшилки/US-Clone/Рус/210
2025-06-25 15:40:20,559 - INFO - Starting files loading process
2025-06-25 15:40:20,560 - INFO - Checking for duplicate files
2025-06-25 15:40:20,623 - INFO - Loading file 1/15: 1.mp3
2025-06-25 15:40:20,679 - INFO - Loading file 2/15: 2.mp3
2025-06-25 15:40:20,730 - INFO - Loading file 3/15: 3.mp3
2025-06-25 15:40:20,782 - INFO - Loading file 4/15: 4.mp3
2025-06-25 15:40:20,834 - INFO - Loading file 5/15: 5.mp3
2025-06-25 15:40:20,885 - INFO - Loading file 6/15: 7.mp3
2025-06-25 15:40:20,938 - INFO - Loading file 7/15: 8.mp3
2025-06-25 15:40:20,991 - INFO - Loading file 8/15: 9.mp3
2025-06-25 15:40:21,043 - INFO - Loading file 9/15: 10.mp3
2025-06-25 15:40:21,098 - INFO - Loading file 10/15: 12.mp3
2025-06-25 15:40:21,151 - INFO - Loading file 11/15: 13.mp3
2025-06-25 15:40:21,204 - INFO - Loading file 12/15: 14.mp3
2025-06-25 15:40:21,256 - INFO - Loading file 13/15: 15.mp3
2025-06-25 15:40:21,309 - INFO - Loading file 14/15: 16.mp3
2025-06-25 15:40:21,361 - INFO - Loading file 15/15: 17.mp3
2025-06-25 15:40:21,413 - INFO - Files loaded successfully
2025-06-25 15:40:28,199 - INFO - Starting file merge process
2025-06-25 15:40:28,200 - INFO - Output filename: 210-USC
2025-06-25 15:40:28,201 - DEBUG - Full output path: D:/Cloud/YandexDisk/Projects/Страшилки/US-Clone/Рус/210\210-USC.mp3
2025-06-25 15:40:28,242 - INFO - Processing file 1/15: 1.mp3
2025-06-25 15:40:28,253 - INFO - Processing file 2/15: 2.mp3
2025-06-25 15:40:28,263 - INFO - Processing file 3/15: 3.mp3
2025-06-25 15:40:28,271 - INFO - Processing file 4/15: 4.mp3
2025-06-25 15:40:28,282 - INFO - Processing file 5/15: 5.mp3
2025-06-25 15:40:28,290 - INFO - Processing file 6/15: 7.mp3
2025-06-25 15:40:28,298 - INFO - Processing file 7/15: 8.mp3
2025-06-25 15:40:28,307 - INFO - Processing file 8/15: 9.mp3
2025-06-25 15:40:28,316 - INFO - Processing file 9/15: 10.mp3
2025-06-25 15:40:28,328 - INFO - Processing file 10/15: 12.mp3
2025-06-25 15:40:28,337 - INFO - Processing file 11/15: 13.mp3
2025-06-25 15:40:28,347 - INFO - Processing file 12/15: 14.mp3
2025-06-25 15:40:28,360 - INFO - Processing file 13/15: 15.mp3
2025-06-25 15:40:28,369 - INFO - Processing file 14/15: 16.mp3
2025-06-25 15:40:28,377 - INFO - Processing file 15/15: 17.mp3
2025-06-25 15:40:28,389 - INFO - Merge completed successfully
2025-06-25 16:43:41,898 - INFO - Starting application
2025-06-25 16:43:41,898 - INFO - Initializing smerge application
2025-06-25 16:43:42,096 - INFO - Opening file selection dialog
2025-06-25 16:43:48,468 - INFO - Selected 13 files
2025-06-25 16:43:48,468 - DEBUG - Output path set to: D:/Cloud/YandexDisk/Projects/Страшилки/SP-Military/Макар/13
2025-06-25 16:43:48,710 - INFO - Starting files loading process
2025-06-25 16:43:48,712 - INFO - Checking for duplicate files
2025-06-25 16:43:48,765 - INFO - Loading file 1/13: 1.mp3
2025-06-25 16:43:48,819 - INFO - Loading file 2/13: 2.mp3
2025-06-25 16:43:48,872 - INFO - Loading file 3/13: 3.mp3
2025-06-25 16:43:48,923 - INFO - Loading file 4/13: 4.mp3
2025-06-25 16:43:48,980 - INFO - Loading file 5/13: 5.mp3
2025-06-25 16:43:49,033 - INFO - Loading file 6/13: 6.mp3
2025-06-25 16:43:49,086 - INFO - Loading file 7/13: 7.mp3
2025-06-25 16:43:49,139 - INFO - Loading file 8/13: 8.mp3
2025-06-25 16:43:49,192 - INFO - Loading file 9/13: 10.mp3
2025-06-25 16:43:49,247 - INFO - Loading file 10/13: 11.mp3
2025-06-25 16:43:49,301 - INFO - Loading file 11/13: 12.mp3
2025-06-25 16:43:49,353 - INFO - Loading file 12/13: 13.mp3
2025-06-25 16:43:49,405 - INFO - Loading file 13/13: 14.mp3
2025-06-25 16:43:49,458 - INFO - Files loaded successfully
2025-06-25 16:43:58,374 - INFO - Starting file merge process
2025-06-25 16:43:58,376 - INFO - Output filename: 13-SPM
2025-06-25 16:43:58,376 - DEBUG - Full output path: D:/Cloud/YandexDisk/Projects/Страшилки/SP-Military/Макар/13\13-SPM.mp3
2025-06-25 16:43:58,419 - INFO - Processing file 1/13: 1.mp3
2025-06-25 16:43:58,427 - INFO - Processing file 2/13: 2.mp3
2025-06-25 16:43:58,435 - INFO - Processing file 3/13: 3.mp3
2025-06-25 16:43:58,442 - INFO - Processing file 4/13: 4.mp3
2025-06-25 16:43:58,454 - INFO - Processing file 5/13: 5.mp3
2025-06-25 16:43:58,461 - INFO - Processing file 6/13: 6.mp3
2025-06-25 16:43:58,470 - INFO - Processing file 7/13: 7.mp3
2025-06-25 16:43:58,478 - INFO - Processing file 8/13: 8.mp3
2025-06-25 16:43:58,486 - INFO - Processing file 9/13: 10.mp3
2025-06-25 16:43:58,495 - INFO - Processing file 10/13: 11.mp3
2025-06-25 16:43:58,505 - INFO - Processing file 11/13: 12.mp3
2025-06-25 16:43:58,518 - INFO - Processing file 12/13: 13.mp3
2025-06-25 16:43:58,527 - INFO - Processing file 13/13: 14.mp3
2025-06-25 16:43:58,530 - INFO - Merge completed successfully
2025-06-26 11:33:49,605 - INFO - Starting application
2025-06-26 11:33:49,606 - INFO - Initializing smerge application
2025-06-26 11:33:49,812 - INFO - Opening file selection dialog
2025-06-26 11:33:56,877 - INFO - Selected 15 files
2025-06-26 11:33:56,877 - DEBUG - Output path set to: D:/Cloud/YandexDisk/Projects/Страшилки/US-Clone/Рус/210
2025-06-26 11:33:57,114 - INFO - Starting files loading process
2025-06-26 11:33:57,115 - INFO - Checking for duplicate files
2025-06-26 11:33:57,172 - INFO - Loading file 1/15: 1.mp3
2025-06-26 11:33:57,227 - INFO - Loading file 2/15: 2.mp3
2025-06-26 11:33:57,279 - INFO - Loading file 3/15: 3.mp3
2025-06-26 11:33:57,331 - INFO - Loading file 4/15: 4.mp3
2025-06-26 11:33:57,383 - INFO - Loading file 5/15: 5.mp3
2025-06-26 11:33:57,434 - INFO - Loading file 6/15: 7.mp3
2025-06-26 11:33:57,487 - INFO - Loading file 7/15: 8.mp3
2025-06-26 11:33:57,539 - INFO - Loading file 8/15: 9.mp3
2025-06-26 11:33:57,591 - INFO - Loading file 9/15: 10.mp3
2025-06-26 11:33:57,647 - INFO - Loading file 10/15: 12.mp3
2025-06-26 11:33:57,701 - INFO - Loading file 11/15: 13.mp3
2025-06-26 11:33:57,753 - INFO - Loading file 12/15: 14.mp3
2025-06-26 11:33:57,805 - INFO - Loading file 13/15: 15.mp3
2025-06-26 11:33:57,858 - INFO - Loading file 14/15: 16.mp3
2025-06-26 11:33:57,910 - INFO - Loading file 15/15: 17.mp3
2025-06-26 11:33:57,962 - INFO - Files loaded successfully
2025-06-26 11:34:01,714 - INFO - Starting file merge process
2025-06-26 11:34:01,716 - INFO - Output filename: 210
2025-06-26 11:34:01,716 - DEBUG - Full output path: D:/Cloud/YandexDisk/Projects/Страшилки/US-Clone/Рус/210\210.mp3
2025-06-26 11:34:01,756 - INFO - Processing file 1/15: 1.mp3
2025-06-26 11:34:01,769 - INFO - Processing file 2/15: 2.mp3
2025-06-26 11:34:01,779 - INFO - Processing file 3/15: 3.mp3
2025-06-26 11:34:01,790 - INFO - Processing file 4/15: 4.mp3
2025-06-26 11:34:01,802 - INFO - Processing file 5/15: 5.mp3
2025-06-26 11:34:01,813 - INFO - Processing file 6/15: 7.mp3
2025-06-26 11:34:01,826 - INFO - Processing file 7/15: 8.mp3
2025-06-26 11:34:01,838 - INFO - Processing file 8/15: 9.mp3
2025-06-26 11:34:01,849 - INFO - Processing file 9/15: 10.mp3
2025-06-26 11:34:01,860 - INFO - Processing file 10/15: 12.mp3
2025-06-26 11:34:01,875 - INFO - Processing file 11/15: 13.mp3
2025-06-26 11:34:01,885 - INFO - Processing file 12/15: 14.mp3
2025-06-26 11:34:01,895 - INFO - Processing file 13/15: 15.mp3
2025-06-26 11:34:01,905 - INFO - Processing file 14/15: 16.mp3
2025-06-26 11:34:01,914 - INFO - Processing file 15/15: 17.mp3
2025-06-26 11:34:01,926 - INFO - Merge completed successfully
2025-06-26 11:51:16,098 - INFO - Starting application
2025-06-26 11:51:16,098 - INFO - Initializing smerge application
2025-06-26 11:51:16,284 - INFO - Opening file selection dialog
2025-06-26 11:51:21,704 - INFO - Selected 21 files
2025-06-26 11:51:21,704 - DEBUG - Output path set to: D:/Cloud/YandexDisk/Projects/Страшилки/English/204
2025-06-26 11:51:21,943 - INFO - Starting files loading process
2025-06-26 11:51:21,944 - INFO - Checking for duplicate files
2025-06-26 11:51:21,997 - INFO - Loading file 1/21: 1.mp3
2025-06-26 11:51:22,050 - INFO - Loading file 2/21: 2.mp3
2025-06-26 11:51:22,105 - INFO - Loading file 3/21: 3.mp3
2025-06-26 11:51:22,157 - INFO - Loading file 4/21: 4.mp3
2025-06-26 11:51:22,210 - INFO - Loading file 5/21: 5.mp3
2025-06-26 11:51:22,263 - INFO - Loading file 6/21: 6.mp3
2025-06-26 11:51:22,315 - INFO - Loading file 7/21: 7.mp3
2025-06-26 11:51:22,368 - INFO - Loading file 8/21: 8.mp3
2025-06-26 11:51:22,420 - INFO - Loading file 9/21: 9.mp3
2025-06-26 11:51:22,473 - INFO - Loading file 10/21: 10.mp3
2025-06-26 11:51:22,527 - INFO - Loading file 11/21: 11.mp3
2025-06-26 11:51:22,578 - INFO - Loading file 12/21: 12.mp3
2025-06-26 11:51:22,630 - INFO - Loading file 13/21: 13.mp3
2025-06-26 11:51:22,684 - INFO - Loading file 14/21: 14.mp3
2025-06-26 11:51:22,736 - INFO - Loading file 15/21: 15.mp3
2025-06-26 11:51:22,788 - INFO - Loading file 16/21: 16.mp3
2025-06-26 11:51:22,840 - INFO - Loading file 17/21: 17.mp3
2025-06-26 11:51:22,893 - INFO - Loading file 18/21: 18.mp3
2025-06-26 11:51:22,947 - INFO - Loading file 19/21: 19.mp3
2025-06-26 11:51:22,999 - INFO - Loading file 20/21: 20.mp3
2025-06-26 11:51:23,051 - INFO - Loading file 21/21: 21.mp3
2025-06-26 11:51:23,104 - INFO - Files loaded successfully
2025-06-26 11:51:29,537 - INFO - Starting file merge process
2025-06-26 11:51:29,538 - INFO - Output filename: 204-EN
2025-06-26 11:51:29,538 - DEBUG - Full output path: D:/Cloud/YandexDisk/Projects/Страшилки/English/204\204-EN.mp3
2025-06-26 11:51:29,575 - INFO - Processing file 1/21: 1.mp3
2025-06-26 11:51:29,584 - INFO - Processing file 2/21: 2.mp3
2025-06-26 11:51:29,590 - INFO - Processing file 3/21: 3.mp3
2025-06-26 11:51:29,594 - INFO - Processing file 4/21: 4.mp3
2025-06-26 11:51:29,604 - INFO - Processing file 5/21: 5.mp3
2025-06-26 11:51:29,607 - INFO - Processing file 6/21: 6.mp3
2025-06-26 11:51:29,613 - INFO - Processing file 7/21: 7.mp3
2025-06-26 11:51:29,617 - INFO - Processing file 8/21: 8.mp3
2025-06-26 11:51:29,623 - INFO - Processing file 9/21: 9.mp3
2025-06-26 11:51:29,628 - INFO - Processing file 10/21: 10.mp3
2025-06-26 11:51:29,633 - INFO - Processing file 11/21: 11.mp3
2025-06-26 11:51:29,637 - INFO - Processing file 12/21: 12.mp3
2025-06-26 11:51:29,640 - INFO - Processing file 13/21: 13.mp3
2025-06-26 11:51:29,644 - INFO - Processing file 14/21: 14.mp3
2025-06-26 11:51:29,650 - INFO - Processing file 15/21: 15.mp3
2025-06-26 11:51:29,656 - INFO - Processing file 16/21: 16.mp3
2025-06-26 11:51:29,659 - INFO - Processing file 17/21: 17.mp3
2025-06-26 11:51:29,664 - INFO - Processing file 18/21: 18.mp3
2025-06-26 11:51:29,670 - INFO - Processing file 19/21: 19.mp3
2025-06-26 11:51:29,673 - INFO - Processing file 20/21: 20.mp3
2025-06-26 11:51:29,678 - INFO - Processing file 21/21: 21.mp3
2025-06-26 11:51:29,685 - INFO - Merge completed successfully
2025-06-26 14:00:45,780 - INFO - Starting application
2025-06-26 14:00:45,780 - INFO - Initializing smerge application
2025-06-26 14:00:45,984 - INFO - Opening file selection dialog
2025-06-26 14:00:51,391 - INFO - Selected 12 files
2025-06-26 14:00:51,391 - DEBUG - Output path set to: D:/Cloud/YandexDisk/Projects/Страшилки/Brazil/172
2025-06-26 14:00:51,638 - INFO - Starting files loading process
2025-06-26 14:00:51,638 - INFO - Checking for duplicate files
2025-06-26 14:00:51,687 - INFO - Loading file 1/12: 1.mp3
2025-06-26 14:00:51,741 - INFO - Loading file 2/12: 2.mp3
2025-06-26 14:00:51,794 - INFO - Loading file 3/12: 3.mp3
2025-06-26 14:00:51,846 - INFO - Loading file 4/12: 4.mp3
2025-06-26 14:00:51,899 - INFO - Loading file 5/12: 5.mp3
2025-06-26 14:00:51,953 - INFO - Loading file 6/12: 6.mp3
2025-06-26 14:00:52,005 - INFO - Loading file 7/12: 7.mp3
2025-06-26 14:00:52,057 - INFO - Loading file 8/12: 8.mp3
2025-06-26 14:00:52,111 - INFO - Loading file 9/12: 9.mp3
2025-06-26 14:00:52,164 - INFO - Loading file 10/12: 10.mp3
2025-06-26 14:00:52,220 - INFO - Loading file 11/12: 11.mp3
2025-06-26 14:00:52,272 - INFO - Loading file 12/12: 12.mp3
2025-06-26 14:00:52,324 - INFO - Files loaded successfully
2025-06-26 14:01:00,743 - INFO - Starting file merge process
2025-06-26 14:01:00,745 - INFO - Output filename: 172-BRZ
2025-06-26 14:01:00,745 - DEBUG - Full output path: D:/Cloud/YandexDisk/Projects/Страшилки/Brazil/172\172-BRZ.mp3
2025-06-26 14:01:00,787 - INFO - Processing file 1/12: 1.mp3
2025-06-26 14:01:00,797 - INFO - Processing file 2/12: 2.mp3
2025-06-26 14:01:00,806 - INFO - Processing file 3/12: 3.mp3
2025-06-26 14:01:00,815 - INFO - Processing file 4/12: 4.mp3
2025-06-26 14:01:00,825 - INFO - Processing file 5/12: 5.mp3
2025-06-26 14:01:00,833 - INFO - Processing file 6/12: 6.mp3
2025-06-26 14:01:00,844 - INFO - Processing file 7/12: 7.mp3
2025-06-26 14:01:00,853 - INFO - Processing file 8/12: 8.mp3
2025-06-26 14:01:00,864 - INFO - Processing file 9/12: 9.mp3
2025-06-26 14:01:00,873 - INFO - Processing file 10/12: 10.mp3
2025-06-26 14:01:00,885 - INFO - Processing file 11/12: 11.mp3
2025-06-26 14:01:00,893 - INFO - Processing file 12/12: 12.mp3
2025-06-26 14:01:00,896 - INFO - Merge completed successfully
2025-06-26 14:54:25,522 - INFO - Starting application
2025-06-26 14:54:25,523 - INFO - Initializing smerge application
2025-06-26 14:54:25,714 - INFO - Opening file selection dialog
2025-06-26 14:54:32,251 - INFO - Selected 9 files
2025-06-26 14:54:32,251 - DEBUG - Output path set to: D:/Cloud/YandexDisk/Projects/Страшилки/SP-Clone/237
2025-06-26 14:54:32,488 - INFO - Starting files loading process
2025-06-26 14:54:32,488 - INFO - Checking for duplicate files
2025-06-26 14:54:32,535 - INFO - Loading file 1/9: 1.mp3
2025-06-26 14:54:32,589 - INFO - Loading file 2/9: 2.mp3
2025-06-26 14:54:32,643 - INFO - Loading file 3/9: 3.mp3
2025-06-26 14:54:32,696 - INFO - Loading file 4/9: 4.mp3
2025-06-26 14:54:32,748 - INFO - Loading file 5/9: 5.mp3
2025-06-26 14:54:32,799 - INFO - Loading file 6/9: 6.mp3
2025-06-26 14:54:32,851 - INFO - Loading file 7/9: 7.mp3
2025-06-26 14:54:32,903 - INFO - Loading file 8/9: 8.mp3
2025-06-26 14:54:32,955 - INFO - Loading file 9/9: 9.mp3
2025-06-26 14:54:33,008 - INFO - Files loaded successfully
2025-06-26 14:54:44,031 - INFO - Starting file merge process
2025-06-26 14:54:44,033 - INFO - Output filename: 237-SPC
2025-06-26 14:54:44,033 - DEBUG - Full output path: D:/Cloud/YandexDisk/Projects/Страшилки/SP-Clone/237\237-SPC.mp3
2025-06-26 14:54:44,069 - INFO - Processing file 1/9: 1.mp3
2025-06-26 14:54:44,083 - INFO - Processing file 2/9: 2.mp3
2025-06-26 14:54:44,092 - INFO - Processing file 3/9: 3.mp3
2025-06-26 14:54:44,104 - INFO - Processing file 4/9: 4.mp3
2025-06-26 14:54:44,116 - INFO - Processing file 5/9: 5.mp3
2025-06-26 14:54:44,127 - INFO - Processing file 6/9: 6.mp3
2025-06-26 14:54:44,137 - INFO - Processing file 7/9: 7.mp3
2025-06-26 14:54:44,146 - INFO - Processing file 8/9: 8.mp3
2025-06-26 14:54:44,154 - INFO - Processing file 9/9: 9.mp3
2025-06-26 14:54:44,156 - INFO - Merge completed successfully
2025-06-26 15:48:22,732 - INFO - Starting application
2025-06-26 15:48:22,733 - INFO - Initializing smerge application
2025-06-26 15:48:22,924 - INFO - Opening file selection dialog
2025-06-26 15:48:30,095 - INFO - Selected 17 files
2025-06-26 15:48:30,095 - DEBUG - Output path set to: D:/Cloud/YandexDisk/Projects/Страшилки/US-Clone/Рус/211
2025-06-26 15:48:30,320 - INFO - Starting files loading process
2025-06-26 15:48:30,320 - INFO - Checking for duplicate files
2025-06-26 15:48:30,388 - INFO - Loading file 1/17: 1.mp3
2025-06-26 15:48:30,442 - INFO - Loading file 2/17: 2.mp3
2025-06-26 15:48:30,493 - INFO - Loading file 3/17: 3.mp3
2025-06-26 15:48:30,547 - INFO - Loading file 4/17: 4.mp3
2025-06-26 15:48:30,598 - INFO - Loading file 5/17: 5.mp3
2025-06-26 15:48:30,653 - INFO - Loading file 6/17: 6.mp3
2025-06-26 15:48:30,706 - INFO - Loading file 7/17: 7.mp3
2025-06-26 15:48:30,760 - INFO - Loading file 8/17: 8.mp3
2025-06-26 15:48:30,812 - INFO - Loading file 9/17: 9.mp3
2025-06-26 15:48:30,863 - INFO - Loading file 10/17: 10.mp3
2025-06-26 15:48:30,919 - INFO - Loading file 11/17: 11.mp3
2025-06-26 15:48:30,971 - INFO - Loading file 12/17: 12.mp3
2025-06-26 15:48:31,024 - INFO - Loading file 13/17: 13.mp3
2025-06-26 15:48:31,076 - INFO - Loading file 14/17: 14.mp3
2025-06-26 15:48:31,129 - INFO - Loading file 15/17: 15.mp3
2025-06-26 15:48:31,182 - INFO - Loading file 16/17: 16.mp3
2025-06-26 15:48:31,234 - INFO - Loading file 17/17: 17.mp3
2025-06-26 15:48:31,286 - INFO - Files loaded successfully
2025-06-26 15:48:39,168 - INFO - Starting file merge process
2025-06-26 15:48:39,169 - INFO - Output filename: 211-USC
2025-06-26 15:48:39,169 - DEBUG - Full output path: D:/Cloud/YandexDisk/Projects/Страшилки/US-Clone/Рус/211\211-USC.mp3
2025-06-26 15:48:39,212 - INFO - Processing file 1/17: 1.mp3
2025-06-26 15:48:39,220 - INFO - Processing file 2/17: 2.mp3
2025-06-26 15:48:39,229 - INFO - Processing file 3/17: 3.mp3
2025-06-26 15:48:39,238 - INFO - Processing file 4/17: 4.mp3
2025-06-26 15:48:39,247 - INFO - Processing file 5/17: 5.mp3
2025-06-26 15:48:39,255 - INFO - Processing file 6/17: 6.mp3
2025-06-26 15:48:39,265 - INFO - Processing file 7/17: 7.mp3
2025-06-26 15:48:39,273 - INFO - Processing file 8/17: 8.mp3
2025-06-26 15:48:39,284 - INFO - Processing file 9/17: 9.mp3
2025-06-26 15:48:39,293 - INFO - Processing file 10/17: 10.mp3
2025-06-26 15:48:39,303 - INFO - Processing file 11/17: 11.mp3
2025-06-26 15:48:39,313 - INFO - Processing file 12/17: 12.mp3
2025-06-26 15:48:39,324 - INFO - Processing file 13/17: 13.mp3
2025-06-26 15:48:39,332 - INFO - Processing file 14/17: 14.mp3
2025-06-26 15:48:39,342 - INFO - Processing file 15/17: 15.mp3
2025-06-26 15:48:39,350 - INFO - Processing file 16/17: 16.mp3
2025-06-26 15:48:39,359 - INFO - Processing file 17/17: 17.mp3
2025-06-26 15:48:39,364 - INFO - Merge completed successfully
2025-06-26 16:14:52,573 - INFO - Starting application
2025-06-26 16:14:52,573 - INFO - Initializing smerge application
2025-06-26 16:14:52,754 - INFO - Opening file selection dialog
2025-06-26 16:14:58,516 - INFO - Selected 10 files
2025-06-26 16:14:58,516 - DEBUG - Output path set to: D:/Cloud/YandexDisk/Projects/Страшилки/SP-Military/15
2025-06-26 16:14:58,751 - INFO - Starting files loading process
2025-06-26 16:14:58,752 - INFO - Checking for duplicate files
2025-06-26 16:14:58,811 - INFO - Loading file 1/10: 1.mp3
2025-06-26 16:14:58,867 - INFO - Loading file 2/10: 2.mp3
2025-06-26 16:14:58,919 - INFO - Loading file 3/10: 3.mp3
2025-06-26 16:14:58,972 - INFO - Loading file 4/10: 4.mp3
2025-06-26 16:14:59,023 - INFO - Loading file 5/10: 5.mp3
2025-06-26 16:14:59,077 - INFO - Loading file 6/10: 6.mp3
2025-06-26 16:14:59,133 - INFO - Loading file 7/10: 7.mp3
2025-06-26 16:14:59,185 - INFO - Loading file 8/10: 8.mp3
2025-06-26 16:14:59,239 - INFO - Loading file 9/10: 9.mp3
2025-06-26 16:14:59,291 - INFO - Loading file 10/10: 10.mp3
2025-06-26 16:14:59,344 - INFO - Files loaded successfully
2025-06-26 16:15:06,193 - INFO - Starting file merge process
2025-06-26 16:15:06,195 - INFO - Output filename: 15-SPMIL
2025-06-26 16:15:06,195 - DEBUG - Full output path: D:/Cloud/YandexDisk/Projects/Страшилки/SP-Military/15\15-SPMIL.mp3
2025-06-26 16:15:06,235 - INFO - Processing file 1/10: 1.mp3
2025-06-26 16:15:06,244 - INFO - Processing file 2/10: 2.mp3
2025-06-26 16:15:06,252 - INFO - Processing file 3/10: 3.mp3
2025-06-26 16:15:06,261 - INFO - Processing file 4/10: 4.mp3
2025-06-26 16:15:06,268 - INFO - Processing file 5/10: 5.mp3
2025-06-26 16:15:06,278 - INFO - Processing file 6/10: 6.mp3
2025-06-26 16:15:06,286 - INFO - Processing file 7/10: 7.mp3
2025-06-26 16:15:06,296 - INFO - Processing file 8/10: 8.mp3
2025-06-26 16:15:06,306 - INFO - Processing file 9/10: 9.mp3
2025-06-26 16:15:06,314 - INFO - Processing file 10/10: 10.mp3
2025-06-26 16:15:06,317 - INFO - Merge completed successfully
2025-06-30 15:33:43,563 - INFO - Starting application
2025-06-30 15:33:43,563 - INFO - Initializing smerge application
2025-06-30 15:33:43,780 - INFO - Opening file selection dialog
2025-06-30 15:33:53,361 - INFO - Selected 23 files
2025-06-30 15:33:53,361 - DEBUG - Output path set to: D:/Cloud/YandexDisk/Projects/Страшилки/English/206
2025-06-30 15:33:53,605 - INFO - Starting files loading process
2025-06-30 15:33:53,606 - INFO - Checking for duplicate files
2025-06-30 15:33:53,661 - INFO - Loading file 1/23: 1.mp3
2025-06-30 15:33:53,714 - INFO - Loading file 2/23: 2.mp3
2025-06-30 15:33:53,767 - INFO - Loading file 3/23: 3.mp3
2025-06-30 15:33:53,819 - INFO - Loading file 4/23: 4.mp3
2025-06-30 15:33:53,873 - INFO - Loading file 5/23: 5.mp3
2025-06-30 15:33:53,926 - INFO - Loading file 6/23: 6.mp3
2025-06-30 15:33:53,980 - INFO - Loading file 7/23: 7.mp3
2025-06-30 15:33:54,035 - INFO - Loading file 8/23: 8.mp3
2025-06-30 15:33:54,088 - INFO - Loading file 9/23: 9.mp3
2025-06-30 15:33:54,141 - INFO - Loading file 10/23: 10.mp3
2025-06-30 15:33:54,196 - INFO - Loading file 11/23: 11.mp3
2025-06-30 15:33:54,252 - INFO - Loading file 12/23: 12.mp3
2025-06-30 15:33:54,305 - INFO - Loading file 13/23: 13.mp3
2025-06-30 15:33:54,357 - INFO - Loading file 14/23: 14.mp3
2025-06-30 15:33:54,410 - INFO - Loading file 15/23: 15.mp3
2025-06-30 15:33:54,462 - INFO - Loading file 16/23: 16.mp3
2025-06-30 15:33:54,514 - INFO - Loading file 17/23: 17.mp3
2025-06-30 15:33:54,566 - INFO - Loading file 18/23: 18.mp3
2025-06-30 15:33:54,619 - INFO - Loading file 19/23: 19.mp3
2025-06-30 15:33:54,671 - INFO - Loading file 20/23: 20.mp3
2025-06-30 15:33:54,723 - INFO - Loading file 21/23: 21.mp3
2025-06-30 15:33:54,775 - INFO - Loading file 22/23: 22.mp3
2025-06-30 15:33:54,827 - INFO - Loading file 23/23: 23.mp3
2025-06-30 15:33:54,879 - INFO - Files loaded successfully
2025-06-30 15:34:03,760 - INFO - Starting file merge process
2025-06-30 15:34:03,761 - INFO - Output filename: 206-EN
2025-06-30 15:34:03,761 - DEBUG - Full output path: D:/Cloud/YandexDisk/Projects/Страшилки/English/206\206-EN.mp3
2025-06-30 15:34:03,797 - INFO - Processing file 1/23: 1.mp3
2025-06-30 15:34:03,805 - INFO - Processing file 2/23: 2.mp3
2025-06-30 15:34:03,808 - INFO - Processing file 3/23: 3.mp3
2025-06-30 15:34:03,816 - INFO - Processing file 4/23: 4.mp3
2025-06-30 15:34:03,818 - INFO - Processing file 5/23: 5.mp3
2025-06-30 15:34:03,824 - INFO - Processing file 6/23: 6.mp3
2025-06-30 15:34:03,831 - INFO - Processing file 7/23: 7.mp3
2025-06-30 15:34:03,835 - INFO - Processing file 8/23: 8.mp3
2025-06-30 15:34:03,839 - INFO - Processing file 9/23: 9.mp3
2025-06-30 15:34:03,843 - INFO - Processing file 10/23: 10.mp3
2025-06-30 15:34:03,847 - INFO - Processing file 11/23: 11.mp3
2025-06-30 15:34:03,851 - INFO - Processing file 12/23: 12.mp3
2025-06-30 15:34:03,856 - INFO - Processing file 13/23: 13.mp3
2025-06-30 15:34:03,861 - INFO - Processing file 14/23: 14.mp3
2025-06-30 15:34:03,865 - INFO - Processing file 15/23: 15.mp3
2025-06-30 15:34:03,867 - INFO - Processing file 16/23: 16.mp3
2025-06-30 15:34:03,872 - INFO - Processing file 17/23: 17.mp3
2025-06-30 15:34:03,878 - INFO - Processing file 18/23: 18.mp3
2025-06-30 15:34:03,882 - INFO - Processing file 19/23: 19.mp3
2025-06-30 15:34:03,887 - INFO - Processing file 20/23: 20.mp3
2025-06-30 15:34:03,891 - INFO - Processing file 21/23: 21.mp3
2025-06-30 15:34:03,896 - INFO - Processing file 22/23: 22.mp3
2025-06-30 15:34:03,901 - INFO - Processing file 23/23: 23.mp3
2025-06-30 15:34:03,906 - INFO - Merge completed successfully
2025-06-30 15:35:15,043 - INFO - Starting application
2025-06-30 15:35:15,043 - INFO - Initializing smerge application
2025-06-30 15:35:15,231 - INFO - Opening file selection dialog
2025-06-30 15:35:18,985 - INFO - Selected 22 files
2025-06-30 15:35:18,985 - DEBUG - Output path set to: D:/Cloud/YandexDisk/Projects/Страшилки/English/206
2025-06-30 15:35:19,212 - INFO - Starting files loading process
2025-06-30 15:35:19,212 - INFO - Checking for duplicate files
2025-06-30 15:35:19,267 - INFO - Loading file 1/22: 1.mp3
2025-06-30 15:35:19,321 - INFO - Loading file 2/22: 2.mp3
2025-06-30 15:35:19,374 - INFO - Loading file 3/22: 3.mp3
2025-06-30 15:35:19,426 - INFO - Loading file 4/22: 4.mp3
2025-06-30 15:35:19,478 - INFO - Loading file 5/22: 5.mp3
2025-06-30 15:35:19,530 - INFO - Loading file 6/22: 6.mp3
2025-06-30 15:35:19,582 - INFO - Loading file 7/22: 7.mp3
2025-06-30 15:35:19,635 - INFO - Loading file 8/22: 8.mp3
2025-06-30 15:35:19,687 - INFO - Loading file 9/22: 9.mp3
2025-06-30 15:35:19,742 - INFO - Loading file 10/22: 10.mp3
2025-06-30 15:35:19,796 - INFO - Loading file 11/22: 11.mp3
2025-06-30 15:35:19,849 - INFO - Loading file 12/22: 12.mp3
2025-06-30 15:35:19,902 - INFO - Loading file 13/22: 13.mp3
2025-06-30 15:35:19,954 - INFO - Loading file 14/22: 14.mp3
2025-06-30 15:35:20,006 - INFO - Loading file 15/22: 15.mp3
2025-06-30 15:35:20,059 - INFO - Loading file 16/22: 16.mp3
2025-06-30 15:35:20,110 - INFO - Loading file 17/22: 17.mp3
2025-06-30 15:35:20,162 - INFO - Loading file 18/22: 18.mp3
2025-06-30 15:35:20,215 - INFO - Loading file 19/22: 19.mp3
2025-06-30 15:35:20,267 - INFO - Loading file 20/22: 20.mp3
2025-06-30 15:35:20,319 - INFO - Loading file 21/22: 21.mp3
2025-06-30 15:35:20,372 - INFO - Loading file 22/22: 23.mp3
2025-06-30 15:35:20,423 - INFO - Files loaded successfully
2025-06-30 15:35:24,784 - INFO - Starting file merge process
2025-06-30 15:35:24,785 - INFO - Output filename: 206-EN
2025-06-30 15:35:24,786 - DEBUG - Full output path: D:/Cloud/YandexDisk/Projects/Страшилки/English/206\206-EN.mp3
2025-06-30 15:35:24,825 - INFO - Processing file 1/22: 1.mp3
2025-06-30 15:35:24,832 - INFO - Processing file 2/22: 2.mp3
2025-06-30 15:35:24,837 - INFO - Processing file 3/22: 3.mp3
2025-06-30 15:35:24,844 - INFO - Processing file 4/22: 4.mp3
2025-06-30 15:35:24,847 - INFO - Processing file 5/22: 5.mp3
2025-06-30 15:35:24,855 - INFO - Processing file 6/22: 6.mp3
2025-06-30 15:35:24,860 - INFO - Processing file 7/22: 7.mp3
2025-06-30 15:35:24,864 - INFO - Processing file 8/22: 8.mp3
2025-06-30 15:35:24,870 - INFO - Processing file 9/22: 9.mp3
2025-06-30 15:35:24,874 - INFO - Processing file 10/22: 10.mp3
2025-06-30 15:35:24,879 - INFO - Processing file 11/22: 11.mp3
2025-06-30 15:35:24,884 - INFO - Processing file 12/22: 12.mp3
2025-06-30 15:35:24,889 - INFO - Processing file 13/22: 13.mp3
2025-06-30 15:35:24,894 - INFO - Processing file 14/22: 14.mp3
2025-06-30 15:35:24,901 - INFO - Processing file 15/22: 15.mp3
2025-06-30 15:35:24,903 - INFO - Processing file 16/22: 16.mp3
2025-06-30 15:35:24,910 - INFO - Processing file 17/22: 17.mp3
2025-06-30 15:35:24,917 - INFO - Processing file 18/22: 18.mp3
2025-06-30 15:35:24,921 - INFO - Processing file 19/22: 19.mp3
2025-06-30 15:35:24,927 - INFO - Processing file 20/22: 20.mp3
2025-06-30 15:35:24,931 - INFO - Processing file 21/22: 21.mp3
2025-06-30 15:35:24,937 - INFO - Processing file 22/22: 23.mp3
2025-06-30 15:35:24,944 - INFO - Merge completed successfully
2025-06-30 16:51:45,223 - INFO - Starting application
2025-06-30 16:51:45,223 - INFO - Initializing smerge application
2025-06-30 16:51:45,416 - INFO - Opening file selection dialog
2025-06-30 16:51:50,688 - INFO - Selected 12 files
2025-06-30 16:51:50,688 - DEBUG - Output path set to: D:/Cloud/YandexDisk/Projects/Страшилки/Brazil/Макар/109
2025-06-30 16:51:50,927 - INFO - Starting files loading process
2025-06-30 16:51:50,928 - INFO - Checking for duplicate files
2025-06-30 16:51:50,976 - INFO - Loading file 1/12: 1.mp3
2025-06-30 16:51:51,030 - INFO - Loading file 2/12: 2.mp3
2025-06-30 16:51:51,083 - INFO - Loading file 3/12: 3.mp3
2025-06-30 16:51:51,137 - INFO - Loading file 4/12: 4.mp3
2025-06-30 16:51:51,190 - INFO - Loading file 5/12: 5.mp3
2025-06-30 16:51:51,244 - INFO - Loading file 6/12: 6.mp3
2025-06-30 16:51:51,297 - INFO - Loading file 7/12: 7.mp3
2025-06-30 16:51:51,350 - INFO - Loading file 8/12: 8.mp3
2025-06-30 16:51:51,402 - INFO - Loading file 9/12: 9.mp3
2025-06-30 16:51:51,455 - INFO - Loading file 10/12: 11.mp3
2025-06-30 16:51:51,510 - INFO - Loading file 11/12: 12.mp3
2025-06-30 16:51:51,562 - INFO - Loading file 12/12: 13.mp3
2025-06-30 16:51:51,615 - INFO - Files loaded successfully
2025-06-30 16:51:56,094 - INFO - Starting file merge process
2025-06-30 16:51:56,095 - INFO - Output filename: 109-BRZ
2025-06-30 16:51:56,095 - DEBUG - Full output path: D:/Cloud/YandexDisk/Projects/Страшилки/Brazil/Макар/109\109-BRZ.mp3
2025-06-30 16:51:56,138 - INFO - Processing file 1/12: 1.mp3
2025-06-30 16:51:56,141 - INFO - Processing file 2/12: 2.mp3
2025-06-30 16:51:56,151 - INFO - Processing file 3/12: 3.mp3
2025-06-30 16:51:56,159 - INFO - Processing file 4/12: 4.mp3
2025-06-30 16:51:56,170 - INFO - Processing file 5/12: 5.mp3
2025-06-30 16:51:56,178 - INFO - Processing file 6/12: 6.mp3
2025-06-30 16:51:56,186 - INFO - Processing file 7/12: 7.mp3
2025-06-30 16:51:56,194 - INFO - Processing file 8/12: 8.mp3
2025-06-30 16:51:56,203 - INFO - Processing file 9/12: 9.mp3
2025-06-30 16:51:56,212 - INFO - Processing file 10/12: 11.mp3
2025-06-30 16:51:56,221 - INFO - Processing file 11/12: 12.mp3
2025-06-30 16:51:56,230 - INFO - Processing file 12/12: 13.mp3
2025-06-30 16:51:56,234 - INFO - Merge completed successfully
2025-06-30 17:27:26,113 - INFO - Starting application
2025-06-30 17:27:26,113 - INFO - Initializing smerge application
2025-06-30 17:27:26,292 - INFO - Opening file selection dialog
2025-06-30 17:27:31,048 - INFO - Selected 12 files
2025-06-30 17:27:31,048 - DEBUG - Output path set to: D:/Cloud/YandexDisk/Projects/Страшилки/SP-Clone/240
2025-06-30 17:27:31,274 - INFO - Starting files loading process
2025-06-30 17:27:31,274 - INFO - Checking for duplicate files
2025-06-30 17:27:31,322 - INFO - Loading file 1/12: 1.mp3
2025-06-30 17:27:31,375 - INFO - Loading file 2/12: 2.mp3
2025-06-30 17:27:31,426 - INFO - Loading file 3/12: 3.mp3
2025-06-30 17:27:31,481 - INFO - Loading file 4/12: 4.mp3
2025-06-30 17:27:31,533 - INFO - Loading file 5/12: 5.mp3
2025-06-30 17:27:31,586 - INFO - Loading file 6/12: 6.mp3
2025-06-30 17:27:31,638 - INFO - Loading file 7/12: 7.mp3
2025-06-30 17:27:31,691 - INFO - Loading file 8/12: 8.mp3
2025-06-30 17:27:31,744 - INFO - Loading file 9/12: 9.mp3
2025-06-30 17:27:31,796 - INFO - Loading file 10/12: 10.mp3
2025-06-30 17:27:31,852 - INFO - Loading file 11/12: 11.mp3
2025-06-30 17:27:31,904 - INFO - Loading file 12/12: 12.mp3
2025-06-30 17:27:31,956 - INFO - Files loaded successfully
2025-06-30 17:27:39,110 - INFO - Starting file merge process
2025-06-30 17:27:39,111 - INFO - Output filename: 240-SPC
2025-06-30 17:27:39,111 - DEBUG - Full output path: D:/Cloud/YandexDisk/Projects/Страшилки/SP-Clone/240\240-SPC.mp3
2025-06-30 17:27:39,150 - INFO - Processing file 1/12: 1.mp3
2025-06-30 17:27:39,161 - INFO - Processing file 2/12: 2.mp3
2025-06-30 17:27:39,167 - INFO - Processing file 3/12: 3.mp3
2025-06-30 17:27:39,178 - INFO - Processing file 4/12: 4.mp3
2025-06-30 17:27:39,186 - INFO - Processing file 5/12: 5.mp3
2025-06-30 17:27:39,194 - INFO - Processing file 6/12: 6.mp3
2025-06-30 17:27:39,204 - INFO - Processing file 7/12: 7.mp3
2025-06-30 17:27:39,213 - INFO - Processing file 8/12: 8.mp3
2025-06-30 17:27:39,222 - INFO - Processing file 9/12: 9.mp3
2025-06-30 17:27:39,230 - INFO - Processing file 10/12: 10.mp3
2025-06-30 17:27:39,240 - INFO - Processing file 11/12: 11.mp3
2025-06-30 17:27:39,248 - INFO - Processing file 12/12: 12.mp3
2025-06-30 17:27:39,254 - INFO - Merge completed successfully
2025-06-30 18:16:24,831 - INFO - Starting application
2025-06-30 18:16:24,831 - INFO - Initializing smerge application
2025-06-30 18:16:25,021 - INFO - Opening file selection dialog
2025-06-30 18:16:35,173 - INFO - Selected 12 files
2025-06-30 18:16:35,173 - DEBUG - Output path set to: D:/Cloud/YandexDisk/Projects/Страшилки/US-Clone/Рус/215
2025-06-30 18:16:35,413 - INFO - Starting files loading process
2025-06-30 18:16:35,413 - INFO - Checking for duplicate files
2025-06-30 18:16:35,474 - INFO - Loading file 1/12: 1.mp3
2025-06-30 18:16:35,530 - INFO - Loading file 2/12: 2.mp3
2025-06-30 18:16:35,585 - INFO - Loading file 3/12: 3.mp3
2025-06-30 18:16:35,638 - INFO - Loading file 4/12: 4.mp3
2025-06-30 18:16:35,690 - INFO - Loading file 5/12: 5.mp3
2025-06-30 18:16:35,745 - INFO - Loading file 6/12: 6.mp3
2025-06-30 18:16:35,797 - INFO - Loading file 7/12: 7.mp3
2025-06-30 18:16:35,850 - INFO - Loading file 8/12: 8.mp3
2025-06-30 18:16:35,904 - INFO - Loading file 9/12: 9.mp3
2025-06-30 18:16:35,956 - INFO - Loading file 10/12: 10.mp3
2025-06-30 18:16:36,013 - INFO - Loading file 11/12: 11.mp3
2025-06-30 18:16:36,064 - INFO - Loading file 12/12: 12.mp3
2025-06-30 18:16:36,117 - INFO - Files loaded successfully
2025-06-30 18:16:44,911 - INFO - Starting file merge process
2025-06-30 18:16:44,913 - INFO - Output filename: 215-USC
2025-06-30 18:16:44,914 - DEBUG - Full output path: D:/Cloud/YandexDisk/Projects/Страшилки/US-Clone/Рус/215\215-USC.mp3
2025-06-30 18:16:44,957 - INFO - Processing file 1/12: 1.mp3
2025-06-30 18:16:44,968 - INFO - Processing file 2/12: 2.mp3
2025-06-30 18:16:44,977 - INFO - Processing file 3/12: 3.mp3
2025-06-30 18:16:44,989 - INFO - Processing file 4/12: 4.mp3
2025-06-30 18:16:44,998 - INFO - Processing file 5/12: 5.mp3
2025-06-30 18:16:45,007 - INFO - Processing file 6/12: 6.mp3
2025-06-30 18:16:45,015 - INFO - Processing file 7/12: 7.mp3
2025-06-30 18:16:45,025 - INFO - Processing file 8/12: 8.mp3
2025-06-30 18:16:45,032 - INFO - Processing file 9/12: 9.mp3
2025-06-30 18:16:45,042 - INFO - Processing file 10/12: 10.mp3
2025-06-30 18:16:45,053 - INFO - Processing file 11/12: 11.mp3
2025-06-30 18:16:45,061 - INFO - Processing file 12/12: 12.mp3
2025-06-30 18:16:45,065 - INFO - Merge completed successfully
2025-07-01 15:42:47,390 - INFO - Starting application
2025-07-01 15:42:47,390 - INFO - Initializing smerge application
2025-07-01 15:42:47,576 - INFO - Opening file selection dialog
2025-07-01 15:42:55,891 - INFO - Selected 23 files
2025-07-01 15:42:55,891 - DEBUG - Output path set to: D:/Cloud/YandexDisk/Projects/Страшилки/English/207
2025-07-01 15:42:56,134 - INFO - Starting files loading process
2025-07-01 15:42:56,135 - INFO - Checking for duplicate files
2025-07-01 15:42:56,193 - INFO - Loading file 1/23: 1.mp3
2025-07-01 15:42:56,246 - INFO - Loading file 2/23: 2.mp3
2025-07-01 15:42:56,299 - INFO - Loading file 3/23: 3.mp3
2025-07-01 15:42:56,351 - INFO - Loading file 4/23: 4.mp3
2025-07-01 15:42:56,404 - INFO - Loading file 5/23: 5.mp3
2025-07-01 15:42:56,456 - INFO - Loading file 6/23: 6.mp3
2025-07-01 15:42:56,510 - INFO - Loading file 7/23: 7.mp3
2025-07-01 15:42:56,564 - INFO - Loading file 8/23: 8.mp3
2025-07-01 15:42:56,617 - INFO - Loading file 9/23: 9.mp3
2025-07-01 15:42:56,670 - INFO - Loading file 10/23: 10.mp3
2025-07-01 15:42:56,722 - INFO - Loading file 11/23: 11.mp3
2025-07-01 15:42:56,775 - INFO - Loading file 12/23: 12.mp3
2025-07-01 15:42:56,827 - INFO - Loading file 13/23: 13.mp3
2025-07-01 15:42:56,879 - INFO - Loading file 14/23: 14.mp3
2025-07-01 15:42:56,932 - INFO - Loading file 15/23: 15.mp3
2025-07-01 15:42:56,985 - INFO - Loading file 16/23: 16.mp3
2025-07-01 15:42:57,037 - INFO - Loading file 17/23: 17.mp3
2025-07-01 15:42:57,091 - INFO - Loading file 18/23: 18.mp3
2025-07-01 15:42:57,143 - INFO - Loading file 19/23: 19.mp3
2025-07-01 15:42:57,195 - INFO - Loading file 20/23: 20.mp3
2025-07-01 15:42:57,248 - INFO - Loading file 21/23: 21.mp3
2025-07-01 15:42:57,300 - INFO - Loading file 22/23: 22.mp3
2025-07-01 15:42:57,354 - INFO - Loading file 23/23: 23.mp3
2025-07-01 15:42:57,406 - INFO - Files loaded successfully
2025-07-01 15:43:07,903 - INFO - Starting file merge process
2025-07-01 15:43:07,904 - INFO - Output filename: 207-EN
2025-07-01 15:43:07,904 - DEBUG - Full output path: D:/Cloud/YandexDisk/Projects/Страшилки/English/207\207-EN.mp3
2025-07-01 15:43:07,945 - INFO - Processing file 1/23: 1.mp3
2025-07-01 15:43:07,952 - INFO - Processing file 2/23: 2.mp3
2025-07-01 15:43:07,960 - INFO - Processing file 3/23: 3.mp3
2025-07-01 15:43:07,969 - INFO - Processing file 4/23: 4.mp3
2025-07-01 15:43:07,975 - INFO - Processing file 5/23: 5.mp3
2025-07-01 15:43:07,981 - INFO - Processing file 6/23: 6.mp3
2025-07-01 15:43:07,986 - INFO - Processing file 7/23: 7.mp3
2025-07-01 15:43:07,994 - INFO - Processing file 8/23: 8.mp3
2025-07-01 15:43:08,000 - INFO - Processing file 9/23: 9.mp3
2025-07-01 15:43:08,011 - INFO - Processing file 10/23: 10.mp3
2025-07-01 15:43:08,015 - INFO - Processing file 11/23: 11.mp3
2025-07-01 15:43:08,023 - INFO - Processing file 12/23: 12.mp3
2025-07-01 15:43:08,028 - INFO - Processing file 13/23: 13.mp3
2025-07-01 15:43:08,034 - INFO - Processing file 14/23: 14.mp3
2025-07-01 15:43:08,038 - INFO - Processing file 15/23: 15.mp3
2025-07-01 15:43:08,045 - INFO - Processing file 16/23: 16.mp3
2025-07-01 15:43:08,051 - INFO - Processing file 17/23: 17.mp3
2025-07-01 15:43:08,059 - INFO - Processing file 18/23: 18.mp3
2025-07-01 15:43:08,065 - INFO - Processing file 19/23: 19.mp3
2025-07-01 15:43:08,073 - INFO - Processing file 20/23: 20.mp3
2025-07-01 15:43:08,079 - INFO - Processing file 21/23: 21.mp3
2025-07-01 15:43:08,086 - INFO - Processing file 22/23: 22.mp3
2025-07-01 15:43:08,091 - INFO - Processing file 23/23: 23.mp3
2025-07-01 15:43:08,094 - INFO - Merge completed successfully
2025-07-01 16:46:51,293 - INFO - Starting application
2025-07-01 16:46:51,293 - INFO - Initializing smerge application
2025-07-01 16:46:51,472 - INFO - Opening file selection dialog
2025-07-01 16:46:57,297 - INFO - Selected 11 files
2025-07-01 16:46:57,297 - DEBUG - Output path set to: D:/Cloud/YandexDisk/Projects/Страшилки/SP-Military/Макар/15
2025-07-01 16:46:57,541 - INFO - Starting files loading process
2025-07-01 16:46:57,541 - INFO - Checking for duplicate files
2025-07-01 16:46:57,593 - INFO - Loading file 1/11: 1.mp3
2025-07-01 16:46:57,646 - INFO - Loading file 2/11: 2.mp3
2025-07-01 16:46:57,699 - INFO - Loading file 3/11: 3.mp3
2025-07-01 16:46:57,751 - INFO - Loading file 4/11: 4.mp3
2025-07-01 16:46:57,804 - INFO - Loading file 5/11: 5.mp3
2025-07-01 16:46:57,857 - INFO - Loading file 6/11: 6.mp3
2025-07-01 16:46:57,909 - INFO - Loading file 7/11: 7.mp3
2025-07-01 16:46:57,964 - INFO - Loading file 8/11: 8.mp3
2025-07-01 16:46:58,016 - INFO - Loading file 9/11: 9.mp3
2025-07-01 16:46:58,071 - INFO - Loading file 10/11: 10.mp3
2025-07-01 16:46:58,127 - INFO - Loading file 11/11: 11.mp3
2025-07-01 16:46:58,181 - INFO - Files loaded successfully
2025-07-01 16:47:14,743 - INFO - Starting file merge process
2025-07-01 16:47:14,744 - INFO - Output filename: 15-SPM
2025-07-01 16:47:14,744 - DEBUG - Full output path: D:/Cloud/YandexDisk/Projects/Страшилки/SP-Military/Макар/15\15-SPM.mp3
2025-07-01 16:47:14,789 - INFO - Processing file 1/11: 1.mp3
2025-07-01 16:47:14,797 - INFO - Processing file 2/11: 2.mp3
2025-07-01 16:47:14,806 - INFO - Processing file 3/11: 3.mp3
2025-07-01 16:47:14,813 - INFO - Processing file 4/11: 4.mp3
2025-07-01 16:47:14,824 - INFO - Processing file 5/11: 5.mp3
2025-07-01 16:47:14,830 - INFO - Processing file 6/11: 6.mp3
2025-07-01 16:47:14,839 - INFO - Processing file 7/11: 7.mp3
2025-07-01 16:47:14,846 - INFO - Processing file 8/11: 8.mp3
2025-07-01 16:47:14,854 - INFO - Processing file 9/11: 9.mp3
2025-07-01 16:47:14,862 - INFO - Processing file 10/11: 10.mp3
2025-07-01 16:47:14,872 - INFO - Processing file 11/11: 11.mp3
2025-07-01 16:47:14,879 - INFO - Merge completed successfully
2025-07-01 17:31:50,823 - INFO - Starting application
2025-07-01 17:31:50,823 - INFO - Initializing smerge application
2025-07-01 17:31:51,007 - INFO - Opening file selection dialog
2025-07-01 17:31:56,906 - INFO - Selected 12 files
2025-07-01 17:31:56,906 - DEBUG - Output path set to: D:/Cloud/YandexDisk/Projects/Страшилки/Brazil/174
2025-07-01 17:31:57,139 - INFO - Starting files loading process
2025-07-01 17:31:57,140 - INFO - Checking for duplicate files
2025-07-01 17:31:57,194 - INFO - Loading file 1/12: 1.mp3
2025-07-01 17:31:57,249 - INFO - Loading file 2/12: 2.mp3
2025-07-01 17:31:57,300 - INFO - Loading file 3/12: 3.mp3
2025-07-01 17:31:57,353 - INFO - Loading file 4/12: 4.mp3
2025-07-01 17:31:57,404 - INFO - Loading file 5/12: 5.mp3
2025-07-01 17:31:57,456 - INFO - Loading file 6/12: 6.mp3
2025-07-01 17:31:57,508 - INFO - Loading file 7/12: 7.mp3
2025-07-01 17:31:57,560 - INFO - Loading file 8/12: 8.mp3
2025-07-01 17:31:57,612 - INFO - Loading file 9/12: 9.mp3
2025-07-01 17:31:57,664 - INFO - Loading file 10/12: 10.mp3
2025-07-01 17:31:57,717 - INFO - Loading file 11/12: 11.mp3
2025-07-01 17:31:57,768 - INFO - Loading file 12/12: 12.mp3
2025-07-01 17:31:57,822 - INFO - Files loaded successfully
2025-07-01 17:32:00,557 - INFO - Starting file merge process
2025-07-01 17:32:00,558 - INFO - Output filename: 174
2025-07-01 17:32:00,558 - DEBUG - Full output path: D:/Cloud/YandexDisk/Projects/Страшилки/Brazil/174\174.mp3
2025-07-01 17:32:00,598 - INFO - Processing file 1/12: 1.mp3
2025-07-01 17:32:00,606 - INFO - Processing file 2/12: 2.mp3
2025-07-01 17:32:00,613 - INFO - Processing file 3/12: 3.mp3
2025-07-01 17:32:00,621 - INFO - Processing file 4/12: 4.mp3
2025-07-01 17:32:00,627 - INFO - Processing file 5/12: 5.mp3
2025-07-01 17:32:00,633 - INFO - Processing file 6/12: 6.mp3
2025-07-01 17:32:00,640 - INFO - Processing file 7/12: 7.mp3
2025-07-01 17:32:00,647 - INFO - Processing file 8/12: 8.mp3
2025-07-01 17:32:00,653 - INFO - Processing file 9/12: 9.mp3
2025-07-01 17:32:00,660 - INFO - Processing file 10/12: 10.mp3
2025-07-01 17:32:00,668 - INFO - Processing file 11/12: 11.mp3
2025-07-01 17:32:00,673 - INFO - Processing file 12/12: 12.mp3
2025-07-01 17:32:00,680 - INFO - Merge completed successfully
2025-07-01 18:09:36,526 - INFO - Starting application
2025-07-01 18:09:36,526 - INFO - Initializing smerge application
2025-07-01 18:09:36,700 - INFO - Opening file selection dialog
2025-07-01 18:09:41,859 - INFO - Selected 13 files
2025-07-01 18:09:41,859 - DEBUG - Output path set to: D:/Cloud/YandexDisk/Projects/Страшилки/SP-Clone/241
2025-07-01 18:09:42,093 - INFO - Starting files loading process
2025-07-01 18:09:42,093 - INFO - Checking for duplicate files
2025-07-01 18:09:42,150 - INFO - Loading file 1/13: 1.mp3
2025-07-01 18:09:42,204 - INFO - Loading file 2/13: 2.mp3
2025-07-01 18:09:42,256 - INFO - Loading file 3/13: 3.mp3
2025-07-01 18:09:42,308 - INFO - Loading file 4/13: 4.mp3
2025-07-01 18:09:42,361 - INFO - Loading file 5/13: 5.mp3
2025-07-01 18:09:42,414 - INFO - Loading file 6/13: 6.mp3
2025-07-01 18:09:42,466 - INFO - Loading file 7/13: 7.mp3
2025-07-01 18:09:42,518 - INFO - Loading file 8/13: 8.mp3
2025-07-01 18:09:42,571 - INFO - Loading file 9/13: 9.mp3
2025-07-01 18:09:42,626 - INFO - Loading file 10/13: 10.mp3
2025-07-01 18:09:42,679 - INFO - Loading file 11/13: 11.mp3
2025-07-01 18:09:42,732 - INFO - Loading file 12/13: 12.mp3
2025-07-01 18:09:42,785 - INFO - Loading file 13/13: 13.mp3
2025-07-01 18:09:42,836 - INFO - Files loaded successfully
2025-07-01 18:09:54,215 - INFO - Starting file merge process
2025-07-01 18:09:54,216 - INFO - Output filename: 241-SPC
2025-07-01 18:09:54,216 - DEBUG - Full output path: D:/Cloud/YandexDisk/Projects/Страшилки/SP-Clone/241\241-SPC.mp3
2025-07-01 18:09:54,256 - INFO - Processing file 1/13: 1.mp3
2025-07-01 18:09:54,265 - INFO - Processing file 2/13: 2.mp3
2025-07-01 18:09:54,273 - INFO - Processing file 3/13: 3.mp3
2025-07-01 18:09:54,284 - INFO - Processing file 4/13: 4.mp3
2025-07-01 18:09:54,292 - INFO - Processing file 5/13: 5.mp3
2025-07-01 18:09:54,301 - INFO - Processing file 6/13: 6.mp3
2025-07-01 18:09:54,310 - INFO - Processing file 7/13: 7.mp3
2025-07-01 18:09:54,318 - INFO - Processing file 8/13: 8.mp3
2025-07-01 18:09:54,327 - INFO - Processing file 9/13: 9.mp3
2025-07-01 18:09:54,335 - INFO - Processing file 10/13: 10.mp3
2025-07-01 18:09:54,346 - INFO - Processing file 11/13: 11.mp3
2025-07-01 18:09:54,354 - INFO - Processing file 12/13: 12.mp3
2025-07-01 18:09:54,362 - INFO - Processing file 13/13: 13.mp3
2025-07-01 18:09:54,368 - INFO - Merge completed successfully
2025-07-01 18:56:18,342 - INFO - Starting application
2025-07-01 18:56:18,342 - INFO - Initializing smerge application
2025-07-01 18:56:18,530 - INFO - Opening file selection dialog
2025-07-01 18:56:24,922 - INFO - Selected 12 files
2025-07-01 18:56:24,922 - DEBUG - Output path set to: D:/Cloud/YandexDisk/Projects/Страшилки/US-Clone/Рус/216
2025-07-01 18:56:25,149 - INFO - Starting files loading process
2025-07-01 18:56:25,150 - INFO - Checking for duplicate files
2025-07-01 18:56:25,205 - INFO - Loading file 1/12: 1.mp3
2025-07-01 18:56:25,258 - INFO - Loading file 2/12: 2.mp3
2025-07-01 18:56:25,311 - INFO - Loading file 3/12: 3.mp3
2025-07-01 18:56:25,363 - INFO - Loading file 4/12: 4.mp3
2025-07-01 18:56:25,415 - INFO - Loading file 5/12: 5.mp3
2025-07-01 18:56:25,471 - INFO - Loading file 6/12: 6.mp3
2025-07-01 18:56:25,523 - INFO - Loading file 7/12: 7.mp3
2025-07-01 18:56:25,575 - INFO - Loading file 8/12: 8.mp3
2025-07-01 18:56:25,627 - INFO - Loading file 9/12: 9.mp3
2025-07-01 18:56:25,679 - INFO - Loading file 10/12: 10.mp3
2025-07-01 18:56:25,733 - INFO - Loading file 11/12: 11.mp3
2025-07-01 18:56:25,785 - INFO - Loading file 12/12: 12.mp3
2025-07-01 18:56:25,837 - INFO - Files loaded successfully
2025-07-01 18:56:31,618 - INFO - Starting file merge process
2025-07-01 18:56:31,620 - INFO - Output filename: 216-USC
2025-07-01 18:56:31,620 - DEBUG - Full output path: D:/Cloud/YandexDisk/Projects/Страшилки/US-Clone/Рус/216\216-USC.mp3
2025-07-01 18:56:31,667 - INFO - Processing file 1/12: 1.mp3
2025-07-01 18:56:31,675 - INFO - Processing file 2/12: 2.mp3
2025-07-01 18:56:31,684 - INFO - Processing file 3/12: 3.mp3
2025-07-01 18:56:31,693 - INFO - Processing file 4/12: 4.mp3
2025-07-01 18:56:31,703 - INFO - Processing file 5/12: 5.mp3
2025-07-01 18:56:31,711 - INFO - Processing file 6/12: 6.mp3
2025-07-01 18:56:31,722 - INFO - Processing file 7/12: 7.mp3
2025-07-01 18:56:31,732 - INFO - Processing file 8/12: 8.mp3
2025-07-01 18:56:31,741 - INFO - Processing file 9/12: 9.mp3
2025-07-01 18:56:31,751 - INFO - Processing file 10/12: 10.mp3
2025-07-01 18:56:31,762 - INFO - Processing file 11/12: 11.mp3
2025-07-01 18:56:31,771 - INFO - Processing file 12/12: 12.mp3
2025-07-01 18:56:31,775 - INFO - Merge completed successfully
